<?xml version="1.0" encoding="UTF-8"?>
<testsuites name="Edit PostCode with Invalid Input" time="226.978" tests="4" failures="3" errors="0">
   <testsuite name="Edit PostCode with Invalid Input" tests="4" failures="3" errors="0" time="226.978" skipped="0" timestamp="2022-08-27 17:18:10" hostname="User - LAPTOP-N3L575R3" id="Test Suites/Integrate Internal Edit SP with Invalid Data/Edit PostCode with Invalid Input">
      <properties>
         <property name="deviceName" value=""/>
         <property name="devicePlatform" value=""/>
         <property name="logFolder" value="D:\\QA\\Automation Testing\\KATALON\\TMS-Internal Automation\\TMS\\Reports\\20220827_171730\\Integrate Internal Edit SP with Invalid Data\\Edit PostCode with Invalid Input\\20220827_171730"/>
         <property name="logFiles" value="D:\\QA\\Automation Testing\\KATALON\\TMS-Internal Automation\\TMS\\Reports\\20220827_171730\\Integrate Internal Edit SP with Invalid Data\\Edit PostCode with Invalid Input\\20220827_171730\\execution0.log"/>
         <property name="attachments" value="D:\\QA\\Automation Testing\\KATALON\\TMS-Internal Automation\\TMS\\Reports\\20220827_171730\\Integrate Internal Edit SP with Invalid Data\\Edit PostCode with Invalid Input\\20220827_171730\\1661595568347.png, D:\\QA\\Automation Testing\\KATALON\\TMS-Internal Automation\\TMS\\Reports\\20220827_171730\\Integrate Internal Edit SP with Invalid Data\\Edit PostCode with Invalid Input\\20220827_171730\\1661595617128.png, D:\\QA\\Automation Testing\\KATALON\\TMS-Internal Automation\\TMS\\Reports\\20220827_171730\\Integrate Internal Edit SP with Invalid Data\\Edit PostCode with Invalid Input\\20220827_171730\\1661595668459.png"/>
         <property name="hostName" value="User - LAPTOP-N3L575R3"/>
         <property name="os" value="Windows 10 64bit"/>
         <property name="katalonVersion" value="8.3.5.208"/>
         <property name="browser" value="Chrome 104.0.5112.102"/>
         <property name="hostAddress" value="192.168.56.1"/>
         <property name="sessionId" value="6cf836c00342762404b92cc460b62971"/>
         <property name="seleniumVersion" value="3.141.59"/>
         <property name="proxyInformation" value="ProxyInformation { proxyOption=NO_PROXY, proxyServerType=HTTP, username=, password=********, proxyServerAddress=, proxyServerPort=0, executionList=&quot;&quot;, isApplyToDesiredCapabilities=true }"/>
         <property name="platform" value="Windows 10"/>
      </properties>
      <testcase name="Test Cases/Service Provider -Internal TMS/Integrate Internal - Invalid Edit SP/4_Edit Company Postcode_Inv" time="77.913" classname="Test Cases/Service Provider -Internal TMS/Integrate Internal - Invalid Edit SP/4_Edit Company Postcode_Inv" status="FAILED">
         <failure type="FAILED" message="Test Cases/Service Provider -Internal TMS/Integrate Internal - Invalid Edit SP/4_Edit Company Postcode_Inv FAILED.
Reason:
com.kms.katalon.core.exception.StepFailedException: Actual text '&quot;postalCode&quot; length must be 5 characters long' and expected text 'Invalid postal code' of test object 'Object Repository/Invalid_Parameter_PopUP/Page_/span_TextAlert' are NOT matched. (Root cause: com.kms.katalon.core.exception.StepFailedException: Actual text '&quot;postalCode&quot; length must be 5 characters long' and expected text 'Invalid postal code' of test object 'Object Repository/Invalid_Parameter_PopUP/Page_/span_TextAlert' are NOT matched.
	at com.kms.katalon.core.webui.keyword.internal.WebUIKeywordMain.stepFailed(WebUIKeywordMain.groovy:64)
	at com.kms.katalon.core.webui.keyword.builtin.VerifyElementTextKeyword$_verifyElementText_closure1.doCall(VerifyElementTextKeyword.groovy:57)
	at com.kms.katalon.core.webui.keyword.builtin.VerifyElementTextKeyword$_verifyElementText_closure1.call(VerifyElementTextKeyword.groovy)
	at com.kms.katalon.core.webui.keyword.internal.WebUIKeywordMain.runKeyword(WebUIKeywordMain.groovy:20)
	at com.kms.katalon.core.webui.keyword.builtin.VerifyElementTextKeyword.verifyElementText(VerifyElementTextKeyword.groovy:72)
	at com.kms.katalon.core.webui.keyword.builtin.VerifyElementTextKeyword.execute(VerifyElementTextKeyword.groovy:40)
	at com.kms.katalon.core.keyword.internal.KeywordExecutor.executeKeywordForPlatform(KeywordExecutor.groovy:74)
	at com.kms.katalon.core.webui.keyword.WebUiBuiltInKeywords.verifyElementText(WebUiBuiltInKeywords.groovy:4749)
	at com.kms.katalon.core.webui.keyword.WebUiBuiltInKeywords$verifyElementText$8.call(Unknown Source)
	at 4_Edit Company Postcode_Inv.run(4_Edit Company Postcode_Inv:64)
	at com.kms.katalon.core.main.ScriptEngine.run(ScriptEngine.java:194)
	at com.kms.katalon.core.main.ScriptEngine.runScriptAsRawText(ScriptEngine.java:119)
	at com.kms.katalon.core.main.TestCaseExecutor.runScript(TestCaseExecutor.java:445)
	at com.kms.katalon.core.main.TestCaseExecutor.doExecute(TestCaseExecutor.java:436)
	at com.kms.katalon.core.main.TestCaseExecutor.processExecutionPhase(TestCaseExecutor.java:415)
	at com.kms.katalon.core.main.TestCaseExecutor.accessMainPhase(TestCaseExecutor.java:407)
	at com.kms.katalon.core.main.TestCaseExecutor.execute(TestCaseExecutor.java:284)
	at com.kms.katalon.core.common.CommonExecutor.accessTestCaseMainPhase(CommonExecutor.java:65)
	at com.kms.katalon.core.main.TestSuiteExecutor.accessTestSuiteMainPhase(TestSuiteExecutor.java:144)
	at com.kms.katalon.core.main.TestSuiteExecutor.execute(TestSuiteExecutor.java:106)
	at com.kms.katalon.core.main.TestCaseMain.startTestSuite(TestCaseMain.java:185)
	at com.kms.katalon.core.main.TestCaseMain$startTestSuite$0.call(Unknown Source)
	at TempTestSuite1661595450454.run(TempTestSuite1661595450454.groovy:36)
)
	at com.kms.katalon.core.keyword.internal.KeywordMain.stepFailed(KeywordMain.groovy:39)
	at com.kms.katalon.core.webui.keyword.internal.WebUIKeywordMain.stepFailed(WebUIKeywordMain.groovy:64)
	at com.kms.katalon.core.webui.keyword.builtin.VerifyElementTextKeyword$_verifyElementText_closure1.doCall(VerifyElementTextKeyword.groovy:57)
	at com.kms.katalon.core.webui.keyword.builtin.VerifyElementTextKeyword$_verifyElementText_closure1.call(VerifyElementTextKeyword.groovy)
	at com.kms.katalon.core.webui.keyword.internal.WebUIKeywordMain.runKeyword(WebUIKeywordMain.groovy:20)
	at com.kms.katalon.core.webui.keyword.builtin.VerifyElementTextKeyword.verifyElementText(VerifyElementTextKeyword.groovy:72)
	at com.kms.katalon.core.webui.keyword.builtin.VerifyElementTextKeyword.execute(VerifyElementTextKeyword.groovy:40)
	at com.kms.katalon.core.keyword.internal.KeywordExecutor.executeKeywordForPlatform(KeywordExecutor.groovy:74)
	at com.kms.katalon.core.webui.keyword.WebUiBuiltInKeywords.verifyElementText(WebUiBuiltInKeywords.groovy:4749)
	at com.kms.katalon.core.webui.keyword.WebUiBuiltInKeywords$verifyElementText$8.call(Unknown Source)
	at 4_Edit Company Postcode_Inv.run(4_Edit Company Postcode_Inv:64)
	at com.kms.katalon.core.main.ScriptEngine.run(ScriptEngine.java:194)
	at com.kms.katalon.core.main.ScriptEngine.runScriptAsRawText(ScriptEngine.java:119)
	at com.kms.katalon.core.main.TestCaseExecutor.runScript(TestCaseExecutor.java:445)
	at com.kms.katalon.core.main.TestCaseExecutor.doExecute(TestCaseExecutor.java:436)
	at com.kms.katalon.core.main.TestCaseExecutor.processExecutionPhase(TestCaseExecutor.java:415)
	at com.kms.katalon.core.main.TestCaseExecutor.accessMainPhase(TestCaseExecutor.java:407)
	at com.kms.katalon.core.main.TestCaseExecutor.execute(TestCaseExecutor.java:284)
	at com.kms.katalon.core.common.CommonExecutor.accessTestCaseMainPhase(CommonExecutor.java:65)
	at com.kms.katalon.core.main.TestSuiteExecutor.accessTestSuiteMainPhase(TestSuiteExecutor.java:144)
	at com.kms.katalon.core.main.TestSuiteExecutor.execute(TestSuiteExecutor.java:106)
	at com.kms.katalon.core.main.TestCaseMain.startTestSuite(TestCaseMain.java:185)
	at com.kms.katalon.core.main.TestCaseMain$startTestSuite$0.call(Unknown Source)
	at TempTestSuite1661595450454.run(TempTestSuite1661595450454.groovy:36)
Caused by: com.kms.katalon.core.exception.StepFailedException: Actual text '&quot;postalCode&quot; length must be 5 characters long' and expected text 'Invalid postal code' of test object 'Object Repository/Invalid_Parameter_PopUP/Page_/span_TextAlert' are NOT matched.
	... 23 more
"/>
         <system-out><![CDATA[2022-08-27 17:18:11 - [TEST_CASE][FAILED] - Test Cases/Service Provider -Internal TMS/Integrate Internal - Invalid Edit SP/4_Edit Company Postcode_Inv: Test Cases/Service Provider -Internal TMS/Integrate Internal - Invalid Edit SP/4_Edit Company Postcode_Inv FAILED.
Reason:
com.kms.katalon.core.exception.StepFailedException: Actual text '"postalCode" length must be 5 characters long' and expected text 'Invalid postal code' of test object 'Object Repository/Invalid_Parameter_PopUP/Page_/span_TextAlert' are NOT matched. (Root cause: com.kms.katalon.core.exception.StepFailedException: Actual text '"postalCode" length must be 5 characters long' and expected text 'Invalid postal code' of test object 'Object Repository/Invalid_Parameter_PopUP/Page_/span_TextAlert' are NOT matched.
	at com.kms.katalon.core.webui.keyword.internal.WebUIKeywordMain.stepFailed(WebUIKeywordMain.groovy:64)
	at com.kms.katalon.core.webui.keyword.builtin.VerifyElementTextKeyword$_verifyElementText_closure1.doCall(VerifyElementTextKeyword.groovy:57)
	at com.kms.katalon.core.webui.keyword.builtin.VerifyElementTextKeyword$_verifyElementText_closure1.call(VerifyElementTextKeyword.groovy)
	at com.kms.katalon.core.webui.keyword.internal.WebUIKeywordMain.runKeyword(WebUIKeywordMain.groovy:20)
	at com.kms.katalon.core.webui.keyword.builtin.VerifyElementTextKeyword.verifyElementText(VerifyElementTextKeyword.groovy:72)
	at com.kms.katalon.core.webui.keyword.builtin.VerifyElementTextKeyword.execute(VerifyElementTextKeyword.groovy:40)
	at com.kms.katalon.core.keyword.internal.KeywordExecutor.executeKeywordForPlatform(KeywordExecutor.groovy:74)
	at com.kms.katalon.core.webui.keyword.WebUiBuiltInKeywords.verifyElementText(WebUiBuiltInKeywords.groovy:4749)
	at com.kms.katalon.core.webui.keyword.WebUiBuiltInKeywords$verifyElementText$8.call(Unknown Source)
	at 4_Edit Company Postcode_Inv.run(4_Edit Company Postcode_Inv:64)
	at com.kms.katalon.core.main.ScriptEngine.run(ScriptEngine.java:194)
	at com.kms.katalon.core.main.ScriptEngine.runScriptAsRawText(ScriptEngine.java:119)
	at com.kms.katalon.core.main.TestCaseExecutor.runScript(TestCaseExecutor.java:445)
	at com.kms.katalon.core.main.TestCaseExecutor.doExecute(TestCaseExecutor.java:436)
	at com.kms.katalon.core.main.TestCaseExecutor.processExecutionPhase(TestCaseExecutor.java:415)
	at com.kms.katalon.core.main.TestCaseExecutor.accessMainPhase(TestCaseExecutor.java:407)
	at com.kms.katalon.core.main.TestCaseExecutor.execute(TestCaseExecutor.java:284)
	at com.kms.katalon.core.common.CommonExecutor.accessTestCaseMainPhase(CommonExecutor.java:65)
	at com.kms.katalon.core.main.TestSuiteExecutor.accessTestSuiteMainPhase(TestSuiteExecutor.java:144)
	at com.kms.katalon.core.main.TestSuiteExecutor.execute(TestSuiteExecutor.java:106)
	at com.kms.katalon.core.main.TestCaseMain.startTestSuite(TestCaseMain.java:185)
	at com.kms.katalon.core.main.TestCaseMain$startTestSuite$0.call(Unknown Source)
	at TempTestSuite1661595450454.run(TempTestSuite1661595450454.groovy:36)
)
	at com.kms.katalon.core.keyword.internal.KeywordMain.stepFailed(KeywordMain.groovy:39)
	at com.kms.katalon.core.webui.keyword.internal.WebUIKeywordMain.stepFailed(WebUIKeywordMain.groovy:64)
	at com.kms.katalon.core.webui.keyword.builtin.VerifyElementTextKeyword$_verifyElementText_closure1.doCall(VerifyElementTextKeyword.groovy:57)
	at com.kms.katalon.core.webui.keyword.builtin.VerifyElementTextKeyword$_verifyElementText_closure1.call(VerifyElementTextKeyword.groovy)
	at com.kms.katalon.core.webui.keyword.internal.WebUIKeywordMain.runKeyword(WebUIKeywordMain.groovy:20)
	at com.kms.katalon.core.webui.keyword.builtin.VerifyElementTextKeyword.verifyElementText(VerifyElementTextKeyword.groovy:72)
	at com.kms.katalon.core.webui.keyword.builtin.VerifyElementTextKeyword.execute(VerifyElementTextKeyword.groovy:40)
	at com.kms.katalon.core.keyword.internal.KeywordExecutor.executeKeywordForPlatform(KeywordExecutor.groovy:74)
	at com.kms.katalon.core.webui.keyword.WebUiBuiltInKeywords.verifyElementText(WebUiBuiltInKeywords.groovy:4749)
	at com.kms.katalon.core.webui.keyword.WebUiBuiltInKeywords$verifyElementText$8.call(Unknown Source)
	at 4_Edit Company Postcode_Inv.run(4_Edit Company Postcode_Inv:64)
	at com.kms.katalon.core.main.ScriptEngine.run(ScriptEngine.java:194)
	at com.kms.katalon.core.main.ScriptEngine.runScriptAsRawText(ScriptEngine.java:119)
	at com.kms.katalon.core.main.TestCaseExecutor.runScript(TestCaseExecutor.java:445)
	at com.kms.katalon.core.main.TestCaseExecutor.doExecute(TestCaseExecutor.java:436)
	at com.kms.katalon.core.main.TestCaseExecutor.processExecutionPhase(TestCaseExecutor.java:415)
	at com.kms.katalon.core.main.TestCaseExecutor.accessMainPhase(TestCaseExecutor.java:407)
	at com.kms.katalon.core.main.TestCaseExecutor.execute(TestCaseExecutor.java:284)
	at com.kms.katalon.core.common.CommonExecutor.accessTestCaseMainPhase(CommonExecutor.java:65)
	at com.kms.katalon.core.main.TestSuiteExecutor.accessTestSuiteMainPhase(TestSuiteExecutor.java:144)
	at com.kms.katalon.core.main.TestSuiteExecutor.execute(TestSuiteExecutor.java:106)
	at com.kms.katalon.core.main.TestCaseMain.startTestSuite(TestCaseMain.java:185)
	at com.kms.katalon.core.main.TestCaseMain$startTestSuite$0.call(Unknown Source)
	at TempTestSuite1661595450454.run(TempTestSuite1661595450454.groovy:36)
Caused by: com.kms.katalon.core.exception.StepFailedException: Actual text '"postalCode" length must be 5 characters long' and expected text 'Invalid postal code' of test object 'Object Repository/Invalid_Parameter_PopUP/Page_/span_TextAlert' are NOT matched.
	... 23 more


2022-08-27 17:18:13 - [TEST_STEP][PASSED] - callTestCase(findTestCase("PreCondition/SP"), ["validData":""], CONTINUE_ON_FAILURE): Call Test Case 'Test Cases/PreCondition/SP' successfully

2022-08-27 17:18:14 - [TEST_CASE][PASSED] - Test Cases/PreCondition/SP: Test Cases/PreCondition/SP

2022-08-27 17:18:15 - [TEST_STEP][PASSED] - callTestCase(findTestCase("PreCondition/Login Internal-TMS"), [:], STOP_ON_FAILURE): Call Test Case 'Test Cases/PreCondition/Login Internal-TMS' successfully

2022-08-27 17:18:15 - [TEST_CASE][PASSED] - Test Cases/PreCondition/Login Internal-TMS: Test Cases/PreCondition/Login Internal-TMS

2022-08-27 17:18:17 - [TEST_STEP][PASSED] - openBrowser(""): Browser is opened with url: ''

2022-08-27 17:18:18 - [MESSAGE][INFO] - Starting 'Chrome (headless)' driver

2022-08-27 17:18:18 - [MESSAGE][INFO] - Action delay is set to 0 milliseconds

2022-08-27 17:18:31 - [MESSAGE][PASSED] - Browser is opened with url: ''

2022-08-27 17:18:31 - [TEST_STEP][PASSED] - navigateToUrl("https://console-dev.hzn.one/tms"): Navigate to 'https://console-dev.hzn.one/tms' successfully

2022-08-27 17:18:41 - [MESSAGE][PASSED] - Navigate to 'https://console-dev.hzn.one/tms' successfully

2022-08-27 17:18:41 - [TEST_STEP][PASSED] - setText(findTestObject("Login Internal TMS/Page_/Login_inputEmail"), "admin@hzn.one"): Text 'admin@hzn.one' is set on object 'Object Repository/Login Internal TMS/Page_/Login_inputEmail'

2022-08-27 17:18:43 - [MESSAGE][PASSED] - Text 'admin@hzn.one' is set on object 'Object Repository/Login Internal TMS/Page_/Login_inputEmail'

2022-08-27 17:18:43 - [TEST_STEP][PASSED] - setEncryptedText(findTestObject("Login Internal TMS/Page_/Login_inputPassword"), "MnsJkEeAVpEG2LE9uYr7zQ=="): Text ****** has been set on object 'Object Repository/Login Internal TMS/Page_/Login_inputPassword'

2022-08-27 17:18:43 - [MESSAGE][PASSED] - Text ****** has been set on object 'Object Repository/Login Internal TMS/Page_/Login_inputPassword'

2022-08-27 17:18:43 - [TEST_STEP][PASSED] - click(findTestObject("Object Repository/Login Internal TMS/Page_/button_Login")): Object: 'Object Repository/Login Internal TMS/Page_/button_Login' is clicked on

2022-08-27 17:18:44 - [MESSAGE][PASSED] - Object: 'Object Repository/Login Internal TMS/Page_/button_Login' is clicked on

2022-08-27 17:18:44 - [MESSAGE][PASSED] - Call Test Case 'Test Cases/PreCondition/Login Internal-TMS' successfully

2022-08-27 17:18:44 - [TEST_STEP][PASSED] - maximizeWindow(): Current window maximized

2022-08-27 17:18:44 - [MESSAGE][PASSED] - Current window maximized

2022-08-27 17:18:44 - [TEST_STEP][PASSED] - click(findTestObject("Search List SP/Page_/Page_/span_User Management")): Object: 'Object Repository/Search List SP/Page_/Page_/span_User Management' is clicked on

2022-08-27 17:18:55 - [MESSAGE][PASSED] - Object: 'Object Repository/Search List SP/Page_/Page_/span_User Management' is clicked on

2022-08-27 17:18:55 - [TEST_STEP][PASSED] - click(findTestObject("Object Repository/Search List SP/Page_/Service Provider")): Object: 'Object Repository/Search List SP/Page_/Service Provider' is clicked on

2022-08-27 17:18:56 - [MESSAGE][PASSED] - Object: 'Object Repository/Search List SP/Page_/Service Provider' is clicked on

2022-08-27 17:18:56 - [MESSAGE][PASSED] - Call Test Case 'Test Cases/PreCondition/SP' successfully

2022-08-27 17:18:56 - [TEST_STEP][PASSED] - callTestCase(findTestCase("PreCondition/Edit-Valid Param/Search ID"), [:], CONTINUE_ON_FAILURE): Call Test Case 'Test Cases/PreCondition/Edit-Valid Param/Search ID' successfully

2022-08-27 17:18:56 - [TEST_CASE][PASSED] - Test Cases/PreCondition/Edit-Valid Param/Search ID: Test Cases/PreCondition/Edit-Valid Param/Search ID

2022-08-27 17:18:57 - [TEST_STEP][PASSED] - setText(findTestObject("Search List SP/Page_/Field Search"), validSPId): Text 'IDN0103' is set on object 'Object Repository/Search List SP/Page_/Field Search'

2022-08-27 17:18:59 - [MESSAGE][PASSED] - Text 'IDN0103' is set on object 'Object Repository/Search List SP/Page_/Field Search'

2022-08-27 17:18:59 - [TEST_STEP][PASSED] - delay(5): Delayed 5 second(s)

2022-08-27 17:19:04 - [MESSAGE][PASSED] - Delayed 5 second(s)

2022-08-27 17:19:04 - [TEST_STEP][PASSED] - click(findTestObject("Get Detail SP/Page_/span_arrow_detailSP")): Object: 'Object Repository/Get Detail SP/Page_/span_arrow_detailSP' is clicked on

2022-08-27 17:19:04 - [MESSAGE][PASSED] - Object: 'Object Repository/Get Detail SP/Page_/span_arrow_detailSP' is clicked on

2022-08-27 17:19:04 - [TEST_STEP][PASSED] - delay(10): Delayed 10 second(s)

2022-08-27 17:19:14 - [MESSAGE][PASSED] - Delayed 10 second(s)

2022-08-27 17:19:14 - [TEST_STEP][PASSED] - click(findTestObject("Edit SP/ButtonEdit")): Object: 'Object Repository/Edit SP/ButtonEdit' is clicked on

2022-08-27 17:19:15 - [MESSAGE][PASSED] - Object: 'Object Repository/Edit SP/ButtonEdit' is clicked on

2022-08-27 17:19:15 - [TEST_STEP][PASSED] - delay(5): Delayed 5 second(s)

2022-08-27 17:19:20 - [MESSAGE][PASSED] - Delayed 5 second(s)

2022-08-27 17:19:20 - [MESSAGE][PASSED] - Call Test Case 'Test Cases/PreCondition/Edit-Valid Param/Search ID' successfully

2022-08-27 17:19:20 - [TEST_STEP][PASSED] - sendKeys(findTestObject("Add SP with valid data/Page_/AddSP_inputPostalcode"), Keys.chord(CONTROL, "a")): Keys 'CONTROL + a' sent to object: 'Object Repository/Add SP with valid data/Page_/AddSP_inputPostalcode'

2022-08-27 17:19:21 - [MESSAGE][PASSED] - Keys 'CONTROL + a' sent to object: 'Object Repository/Add SP with valid data/Page_/AddSP_inputPostalcode'

2022-08-27 17:19:21 - [TEST_STEP][PASSED] - sendKeys(findTestObject("Add SP with valid data/Page_/AddSP_inputPostalcode"), Keys.chord(BACK_SPACE)): Keys 'BACK_SPACE + ' sent to object: 'Object Repository/Add SP with valid data/Page_/AddSP_inputPostalcode'

2022-08-27 17:19:21 - [MESSAGE][PASSED] - Keys 'BACK_SPACE + ' sent to object: 'Object Repository/Add SP with valid data/Page_/AddSP_inputPostalcode'

2022-08-27 17:19:21 - [TEST_STEP][PASSED] - setText(findTestObject("Add SP with valid data/Page_/AddSP_inputPostalcode"), PostCode): Text '123456' is set on object 'Object Repository/Add SP with valid data/Page_/AddSP_inputPostalcode'

2022-08-27 17:19:21 - [MESSAGE][PASSED] - Text '123456' is set on object 'Object Repository/Add SP with valid data/Page_/AddSP_inputPostalcode'

2022-08-27 17:19:21 - [TEST_STEP][PASSED] - scrollToPosition(10, 10): Browser is scrolled to position x = 10, y = 10

2022-08-27 17:19:21 - [MESSAGE][PASSED] - Browser is scrolled to position x = 10, y = 10

2022-08-27 17:19:21 - [TEST_STEP][PASSED] - delay(3): Delayed 3 second(s)

2022-08-27 17:19:25 - [MESSAGE][PASSED] - Delayed 3 second(s)

2022-08-27 17:19:25 - [TEST_STEP][PASSED] - click(findTestObject("Edit SP/Button_SaveChanges")): Object: 'Object Repository/Edit SP/Button_SaveChanges' is clicked on

2022-08-27 17:19:26 - [MESSAGE][PASSED] - Object: 'Object Repository/Edit SP/Button_SaveChanges' is clicked on

2022-08-27 17:19:26 - [TEST_STEP][PASSED] - if (PostCode == ""): null

2022-08-27 17:19:26 - [TEST_STEP][FAILED] - else: null

2022-08-27 17:19:26 - [TEST_STEP][PASSED] - if ("PostCode".isNumber() && PostCode.length() > 5): null

2022-08-27 17:19:26 - [TEST_STEP][PASSED] - else if (PostCode.length() < 5 || PostCode.length() < 5 && PostCode >= "a" && PostCode <= "z" || PostCode >= "A" && PostCode <= "Z" || PostCode.length() > 5 && PostCode >= "a" && PostCode <= "z" || PostCode >= "A" && PostCode <= "Z"): null

2022-08-27 17:19:26 - [TEST_STEP][FAILED] - else: null

2022-08-27 17:19:26 - [TEST_STEP][PASSED] - verifyElementPresent(findTestObject("Invalid_Parameter_PopUP/Page_/Body_ALert"), 0): Object 'Object Repository/Invalid_Parameter_PopUP/Page_/Body_ALert' is present

2022-08-27 17:19:26 - [MESSAGE][WARNING] - Timeout '0' is invalid. Using default page load timeout: '30'

2022-08-27 17:19:27 - [MESSAGE][PASSED] - Object 'Object Repository/Invalid_Parameter_PopUP/Page_/Body_ALert' is present

2022-08-27 17:19:27 - [TEST_STEP][FAILED] - verifyElementText(findTestObject("Invalid_Parameter_PopUP/Page_/span_TextAlert"), "Invalid postal code"): Actual text '"postalCode" length must be 5 characters long' and expected text 'Invalid postal code' of test object 'Object Repository/Invalid_Parameter_PopUP/Page_/span_TextAlert' are NOT matched. (Root cause: com.kms.katalon.core.exception.StepFailedException: Actual text '"postalCode" length must be 5 characters long' and expected text 'Invalid postal code' of test object 'Object Repository/Invalid_Parameter_PopUP/Page_/span_TextAlert' are NOT matched.
	at com.kms.katalon.core.webui.keyword.internal.WebUIKeywordMain.stepFailed(WebUIKeywordMain.groovy:64)
	at com.kms.katalon.core.webui.keyword.builtin.VerifyElementTextKeyword$_verifyElementText_closure1.doCall(VerifyElementTextKeyword.groovy:57)
	at com.kms.katalon.core.webui.keyword.builtin.VerifyElementTextKeyword$_verifyElementText_closure1.call(VerifyElementTextKeyword.groovy)
	at com.kms.katalon.core.webui.keyword.internal.WebUIKeywordMain.runKeyword(WebUIKeywordMain.groovy:20)
	at com.kms.katalon.core.webui.keyword.builtin.VerifyElementTextKeyword.verifyElementText(VerifyElementTextKeyword.groovy:72)
	at com.kms.katalon.core.webui.keyword.builtin.VerifyElementTextKeyword.execute(VerifyElementTextKeyword.groovy:40)
	at com.kms.katalon.core.keyword.internal.KeywordExecutor.executeKeywordForPlatform(KeywordExecutor.groovy:74)
	at com.kms.katalon.core.webui.keyword.WebUiBuiltInKeywords.verifyElementText(WebUiBuiltInKeywords.groovy:4749)
	at com.kms.katalon.core.webui.keyword.WebUiBuiltInKeywords$verifyElementText$8.call(Unknown Source)
	at 4_Edit Company Postcode_Inv.run(4_Edit Company Postcode_Inv:64)
	at com.kms.katalon.core.main.ScriptEngine.run(ScriptEngine.java:194)
	at com.kms.katalon.core.main.ScriptEngine.runScriptAsRawText(ScriptEngine.java:119)
	at com.kms.katalon.core.main.TestCaseExecutor.runScript(TestCaseExecutor.java:445)
	at com.kms.katalon.core.main.TestCaseExecutor.doExecute(TestCaseExecutor.java:436)
	at com.kms.katalon.core.main.TestCaseExecutor.processExecutionPhase(TestCaseExecutor.java:415)
	at com.kms.katalon.core.main.TestCaseExecutor.accessMainPhase(TestCaseExecutor.java:407)
	at com.kms.katalon.core.main.TestCaseExecutor.execute(TestCaseExecutor.java:284)
	at com.kms.katalon.core.common.CommonExecutor.accessTestCaseMainPhase(CommonExecutor.java:65)
	at com.kms.katalon.core.main.TestSuiteExecutor.accessTestSuiteMainPhase(TestSuiteExecutor.java:144)
	at com.kms.katalon.core.main.TestSuiteExecutor.execute(TestSuiteExecutor.java:106)
	at com.kms.katalon.core.main.TestCaseMain.startTestSuite(TestCaseMain.java:185)
	at com.kms.katalon.core.main.TestCaseMain$startTestSuite$0.call(Unknown Source)
	at TempTestSuite1661595450454.run(TempTestSuite1661595450454.groovy:36)
)

2022-08-27 17:19:28 - [MESSAGE][FAILED] - Actual text '"postalCode" length must be 5 characters long' and expected text 'Invalid postal code' of test object 'Object Repository/Invalid_Parameter_PopUP/Page_/span_TextAlert' are NOT matched. (Root cause: com.kms.katalon.core.exception.StepFailedException: Actual text '"postalCode" length must be 5 characters long' and expected text 'Invalid postal code' of test object 'Object Repository/Invalid_Parameter_PopUP/Page_/span_TextAlert' are NOT matched.
	at com.kms.katalon.core.webui.keyword.internal.WebUIKeywordMain.stepFailed(WebUIKeywordMain.groovy:64)
	at com.kms.katalon.core.webui.keyword.builtin.VerifyElementTextKeyword$_verifyElementText_closure1.doCall(VerifyElementTextKeyword.groovy:57)
	at com.kms.katalon.core.webui.keyword.builtin.VerifyElementTextKeyword$_verifyElementText_closure1.call(VerifyElementTextKeyword.groovy)
	at com.kms.katalon.core.webui.keyword.internal.WebUIKeywordMain.runKeyword(WebUIKeywordMain.groovy:20)
	at com.kms.katalon.core.webui.keyword.builtin.VerifyElementTextKeyword.verifyElementText(VerifyElementTextKeyword.groovy:72)
	at com.kms.katalon.core.webui.keyword.builtin.VerifyElementTextKeyword.execute(VerifyElementTextKeyword.groovy:40)
	at com.kms.katalon.core.keyword.internal.KeywordExecutor.executeKeywordForPlatform(KeywordExecutor.groovy:74)
	at com.kms.katalon.core.webui.keyword.WebUiBuiltInKeywords.verifyElementText(WebUiBuiltInKeywords.groovy:4749)
	at com.kms.katalon.core.webui.keyword.WebUiBuiltInKeywords$verifyElementText$8.call(Unknown Source)
	at 4_Edit Company Postcode_Inv.run(4_Edit Company Postcode_Inv:64)
	at com.kms.katalon.core.main.ScriptEngine.run(ScriptEngine.java:194)
	at com.kms.katalon.core.main.ScriptEngine.runScriptAsRawText(ScriptEngine.java:119)
	at com.kms.katalon.core.main.TestCaseExecutor.runScript(TestCaseExecutor.java:445)
	at com.kms.katalon.core.main.TestCaseExecutor.doExecute(TestCaseExecutor.java:436)
	at com.kms.katalon.core.main.TestCaseExecutor.processExecutionPhase(TestCaseExecutor.java:415)
	at com.kms.katalon.core.main.TestCaseExecutor.accessMainPhase(TestCaseExecutor.java:407)
	at com.kms.katalon.core.main.TestCaseExecutor.execute(TestCaseExecutor.java:284)
	at com.kms.katalon.core.common.CommonExecutor.accessTestCaseMainPhase(CommonExecutor.java:65)
	at com.kms.katalon.core.main.TestSuiteExecutor.accessTestSuiteMainPhase(TestSuiteExecutor.java:144)
	at com.kms.katalon.core.main.TestSuiteExecutor.execute(TestSuiteExecutor.java:106)
	at com.kms.katalon.core.main.TestCaseMain.startTestSuite(TestCaseMain.java:185)
	at com.kms.katalon.core.main.TestCaseMain$startTestSuite$0.call(Unknown Source)
	at TempTestSuite1661595450454.run(TempTestSuite1661595450454.groovy:36)
)
[[ATTACHMENT|D:\\QA\\Automation Testing\\KATALON\\TMS-Internal Automation\\TMS\\Reports\\20220827_171730\\Integrate Internal Edit SP with Invalid Data\\Edit PostCode with Invalid Input\\20220827_171730\\1661595568347.png]]

2022-08-27 17:19:28 - [TEST_STEP][PASSED] - closeBrowser(): Browser is closed

2022-08-27 17:19:29 - [MESSAGE][PASSED] - Browser is closed]]></system-out>
         <system-err><![CDATA[2022-08-27 17:18:11 - [TEST_CASE][FAILED] - Test Cases/Service Provider -Internal TMS/Integrate Internal - Invalid Edit SP/4_Edit Company Postcode_Inv: Test Cases/Service Provider -Internal TMS/Integrate Internal - Invalid Edit SP/4_Edit Company Postcode_Inv FAILED.
Reason:
com.kms.katalon.core.exception.StepFailedException: Actual text '"postalCode" length must be 5 characters long' and expected text 'Invalid postal code' of test object 'Object Repository/Invalid_Parameter_PopUP/Page_/span_TextAlert' are NOT matched. (Root cause: com.kms.katalon.core.exception.StepFailedException: Actual text '"postalCode" length must be 5 characters long' and expected text 'Invalid postal code' of test object 'Object Repository/Invalid_Parameter_PopUP/Page_/span_TextAlert' are NOT matched.
	at com.kms.katalon.core.webui.keyword.internal.WebUIKeywordMain.stepFailed(WebUIKeywordMain.groovy:64)
	at com.kms.katalon.core.webui.keyword.builtin.VerifyElementTextKeyword$_verifyElementText_closure1.doCall(VerifyElementTextKeyword.groovy:57)
	at com.kms.katalon.core.webui.keyword.builtin.VerifyElementTextKeyword$_verifyElementText_closure1.call(VerifyElementTextKeyword.groovy)
	at com.kms.katalon.core.webui.keyword.internal.WebUIKeywordMain.runKeyword(WebUIKeywordMain.groovy:20)
	at com.kms.katalon.core.webui.keyword.builtin.VerifyElementTextKeyword.verifyElementText(VerifyElementTextKeyword.groovy:72)
	at com.kms.katalon.core.webui.keyword.builtin.VerifyElementTextKeyword.execute(VerifyElementTextKeyword.groovy:40)
	at com.kms.katalon.core.keyword.internal.KeywordExecutor.executeKeywordForPlatform(KeywordExecutor.groovy:74)
	at com.kms.katalon.core.webui.keyword.WebUiBuiltInKeywords.verifyElementText(WebUiBuiltInKeywords.groovy:4749)
	at com.kms.katalon.core.webui.keyword.WebUiBuiltInKeywords$verifyElementText$8.call(Unknown Source)
	at 4_Edit Company Postcode_Inv.run(4_Edit Company Postcode_Inv:64)
	at com.kms.katalon.core.main.ScriptEngine.run(ScriptEngine.java:194)
	at com.kms.katalon.core.main.ScriptEngine.runScriptAsRawText(ScriptEngine.java:119)
	at com.kms.katalon.core.main.TestCaseExecutor.runScript(TestCaseExecutor.java:445)
	at com.kms.katalon.core.main.TestCaseExecutor.doExecute(TestCaseExecutor.java:436)
	at com.kms.katalon.core.main.TestCaseExecutor.processExecutionPhase(TestCaseExecutor.java:415)
	at com.kms.katalon.core.main.TestCaseExecutor.accessMainPhase(TestCaseExecutor.java:407)
	at com.kms.katalon.core.main.TestCaseExecutor.execute(TestCaseExecutor.java:284)
	at com.kms.katalon.core.common.CommonExecutor.accessTestCaseMainPhase(CommonExecutor.java:65)
	at com.kms.katalon.core.main.TestSuiteExecutor.accessTestSuiteMainPhase(TestSuiteExecutor.java:144)
	at com.kms.katalon.core.main.TestSuiteExecutor.execute(TestSuiteExecutor.java:106)
	at com.kms.katalon.core.main.TestCaseMain.startTestSuite(TestCaseMain.java:185)
	at com.kms.katalon.core.main.TestCaseMain$startTestSuite$0.call(Unknown Source)
	at TempTestSuite1661595450454.run(TempTestSuite1661595450454.groovy:36)
)
	at com.kms.katalon.core.keyword.internal.KeywordMain.stepFailed(KeywordMain.groovy:39)
	at com.kms.katalon.core.webui.keyword.internal.WebUIKeywordMain.stepFailed(WebUIKeywordMain.groovy:64)
	at com.kms.katalon.core.webui.keyword.builtin.VerifyElementTextKeyword$_verifyElementText_closure1.doCall(VerifyElementTextKeyword.groovy:57)
	at com.kms.katalon.core.webui.keyword.builtin.VerifyElementTextKeyword$_verifyElementText_closure1.call(VerifyElementTextKeyword.groovy)
	at com.kms.katalon.core.webui.keyword.internal.WebUIKeywordMain.runKeyword(WebUIKeywordMain.groovy:20)
	at com.kms.katalon.core.webui.keyword.builtin.VerifyElementTextKeyword.verifyElementText(VerifyElementTextKeyword.groovy:72)
	at com.kms.katalon.core.webui.keyword.builtin.VerifyElementTextKeyword.execute(VerifyElementTextKeyword.groovy:40)
	at com.kms.katalon.core.keyword.internal.KeywordExecutor.executeKeywordForPlatform(KeywordExecutor.groovy:74)
	at com.kms.katalon.core.webui.keyword.WebUiBuiltInKeywords.verifyElementText(WebUiBuiltInKeywords.groovy:4749)
	at com.kms.katalon.core.webui.keyword.WebUiBuiltInKeywords$verifyElementText$8.call(Unknown Source)
	at 4_Edit Company Postcode_Inv.run(4_Edit Company Postcode_Inv:64)
	at com.kms.katalon.core.main.ScriptEngine.run(ScriptEngine.java:194)
	at com.kms.katalon.core.main.ScriptEngine.runScriptAsRawText(ScriptEngine.java:119)
	at com.kms.katalon.core.main.TestCaseExecutor.runScript(TestCaseExecutor.java:445)
	at com.kms.katalon.core.main.TestCaseExecutor.doExecute(TestCaseExecutor.java:436)
	at com.kms.katalon.core.main.TestCaseExecutor.processExecutionPhase(TestCaseExecutor.java:415)
	at com.kms.katalon.core.main.TestCaseExecutor.accessMainPhase(TestCaseExecutor.java:407)
	at com.kms.katalon.core.main.TestCaseExecutor.execute(TestCaseExecutor.java:284)
	at com.kms.katalon.core.common.CommonExecutor.accessTestCaseMainPhase(CommonExecutor.java:65)
	at com.kms.katalon.core.main.TestSuiteExecutor.accessTestSuiteMainPhase(TestSuiteExecutor.java:144)
	at com.kms.katalon.core.main.TestSuiteExecutor.execute(TestSuiteExecutor.java:106)
	at com.kms.katalon.core.main.TestCaseMain.startTestSuite(TestCaseMain.java:185)
	at com.kms.katalon.core.main.TestCaseMain$startTestSuite$0.call(Unknown Source)
	at TempTestSuite1661595450454.run(TempTestSuite1661595450454.groovy:36)
Caused by: com.kms.katalon.core.exception.StepFailedException: Actual text '"postalCode" length must be 5 characters long' and expected text 'Invalid postal code' of test object 'Object Repository/Invalid_Parameter_PopUP/Page_/span_TextAlert' are NOT matched.
	... 23 more]]></system-err>
      </testcase>
      <testcase name="Test Cases/Service Provider -Internal TMS/Integrate Internal - Invalid Edit SP/4_Edit Company Postcode_Inv" time="48.401" classname="Test Cases/Service Provider -Internal TMS/Integrate Internal - Invalid Edit SP/4_Edit Company Postcode_Inv" status="FAILED">
         <failure type="FAILED" message="Test Cases/Service Provider -Internal TMS/Integrate Internal - Invalid Edit SP/4_Edit Company Postcode_Inv FAILED.
Reason:
com.kms.katalon.core.exception.StepFailedException: Actual text '&quot;postalCode&quot; length must be 5 characters long' and expected text 'Invalid postal code' of test object 'Object Repository/Invalid_Parameter_PopUP/Page_/span_TextAlert' are NOT matched. (Root cause: com.kms.katalon.core.exception.StepFailedException: Actual text '&quot;postalCode&quot; length must be 5 characters long' and expected text 'Invalid postal code' of test object 'Object Repository/Invalid_Parameter_PopUP/Page_/span_TextAlert' are NOT matched.
	at com.kms.katalon.core.webui.keyword.internal.WebUIKeywordMain.stepFailed(WebUIKeywordMain.groovy:64)
	at com.kms.katalon.core.webui.keyword.builtin.VerifyElementTextKeyword$_verifyElementText_closure1.doCall(VerifyElementTextKeyword.groovy:57)
	at com.kms.katalon.core.webui.keyword.builtin.VerifyElementTextKeyword$_verifyElementText_closure1.call(VerifyElementTextKeyword.groovy)
	at com.kms.katalon.core.webui.keyword.internal.WebUIKeywordMain.runKeyword(WebUIKeywordMain.groovy:20)
	at com.kms.katalon.core.webui.keyword.builtin.VerifyElementTextKeyword.verifyElementText(VerifyElementTextKeyword.groovy:72)
	at com.kms.katalon.core.webui.keyword.builtin.VerifyElementTextKeyword.execute(VerifyElementTextKeyword.groovy:40)
	at com.kms.katalon.core.keyword.internal.KeywordExecutor.executeKeywordForPlatform(KeywordExecutor.groovy:74)
	at com.kms.katalon.core.webui.keyword.WebUiBuiltInKeywords.verifyElementText(WebUiBuiltInKeywords.groovy:4749)
	at com.kms.katalon.core.webui.keyword.WebUiBuiltInKeywords$verifyElementText$8.call(Unknown Source)
	at 4_Edit Company Postcode_Inv.run(4_Edit Company Postcode_Inv:58)
	at com.kms.katalon.core.main.ScriptEngine.run(ScriptEngine.java:194)
	at com.kms.katalon.core.main.ScriptEngine.runScriptAsRawText(ScriptEngine.java:119)
	at com.kms.katalon.core.main.TestCaseExecutor.runScript(TestCaseExecutor.java:445)
	at com.kms.katalon.core.main.TestCaseExecutor.doExecute(TestCaseExecutor.java:436)
	at com.kms.katalon.core.main.TestCaseExecutor.processExecutionPhase(TestCaseExecutor.java:415)
	at com.kms.katalon.core.main.TestCaseExecutor.accessMainPhase(TestCaseExecutor.java:407)
	at com.kms.katalon.core.main.TestCaseExecutor.execute(TestCaseExecutor.java:284)
	at com.kms.katalon.core.common.CommonExecutor.accessTestCaseMainPhase(CommonExecutor.java:65)
	at com.kms.katalon.core.main.TestSuiteExecutor.accessTestSuiteMainPhase(TestSuiteExecutor.java:144)
	at com.kms.katalon.core.main.TestSuiteExecutor.execute(TestSuiteExecutor.java:106)
	at com.kms.katalon.core.main.TestCaseMain.startTestSuite(TestCaseMain.java:185)
	at com.kms.katalon.core.main.TestCaseMain$startTestSuite$0.call(Unknown Source)
	at TempTestSuite1661595450454.run(TempTestSuite1661595450454.groovy:36)
)
	at com.kms.katalon.core.keyword.internal.KeywordMain.stepFailed(KeywordMain.groovy:39)
	at com.kms.katalon.core.webui.keyword.internal.WebUIKeywordMain.stepFailed(WebUIKeywordMain.groovy:64)
	at com.kms.katalon.core.webui.keyword.builtin.VerifyElementTextKeyword$_verifyElementText_closure1.doCall(VerifyElementTextKeyword.groovy:57)
	at com.kms.katalon.core.webui.keyword.builtin.VerifyElementTextKeyword$_verifyElementText_closure1.call(VerifyElementTextKeyword.groovy)
	at com.kms.katalon.core.webui.keyword.internal.WebUIKeywordMain.runKeyword(WebUIKeywordMain.groovy:20)
	at com.kms.katalon.core.webui.keyword.builtin.VerifyElementTextKeyword.verifyElementText(VerifyElementTextKeyword.groovy:72)
	at com.kms.katalon.core.webui.keyword.builtin.VerifyElementTextKeyword.execute(VerifyElementTextKeyword.groovy:40)
	at com.kms.katalon.core.keyword.internal.KeywordExecutor.executeKeywordForPlatform(KeywordExecutor.groovy:74)
	at com.kms.katalon.core.webui.keyword.WebUiBuiltInKeywords.verifyElementText(WebUiBuiltInKeywords.groovy:4749)
	at com.kms.katalon.core.webui.keyword.WebUiBuiltInKeywords$verifyElementText$8.call(Unknown Source)
	at 4_Edit Company Postcode_Inv.run(4_Edit Company Postcode_Inv:58)
	at com.kms.katalon.core.main.ScriptEngine.run(ScriptEngine.java:194)
	at com.kms.katalon.core.main.ScriptEngine.runScriptAsRawText(ScriptEngine.java:119)
	at com.kms.katalon.core.main.TestCaseExecutor.runScript(TestCaseExecutor.java:445)
	at com.kms.katalon.core.main.TestCaseExecutor.doExecute(TestCaseExecutor.java:436)
	at com.kms.katalon.core.main.TestCaseExecutor.processExecutionPhase(TestCaseExecutor.java:415)
	at com.kms.katalon.core.main.TestCaseExecutor.accessMainPhase(TestCaseExecutor.java:407)
	at com.kms.katalon.core.main.TestCaseExecutor.execute(TestCaseExecutor.java:284)
	at com.kms.katalon.core.common.CommonExecutor.accessTestCaseMainPhase(CommonExecutor.java:65)
	at com.kms.katalon.core.main.TestSuiteExecutor.accessTestSuiteMainPhase(TestSuiteExecutor.java:144)
	at com.kms.katalon.core.main.TestSuiteExecutor.execute(TestSuiteExecutor.java:106)
	at com.kms.katalon.core.main.TestCaseMain.startTestSuite(TestCaseMain.java:185)
	at com.kms.katalon.core.main.TestCaseMain$startTestSuite$0.call(Unknown Source)
	at TempTestSuite1661595450454.run(TempTestSuite1661595450454.groovy:36)
Caused by: com.kms.katalon.core.exception.StepFailedException: Actual text '&quot;postalCode&quot; length must be 5 characters long' and expected text 'Invalid postal code' of test object 'Object Repository/Invalid_Parameter_PopUP/Page_/span_TextAlert' are NOT matched.
	... 23 more
"/>
         <system-out><![CDATA[2022-08-27 17:19:29 - [TEST_CASE][FAILED] - Test Cases/Service Provider -Internal TMS/Integrate Internal - Invalid Edit SP/4_Edit Company Postcode_Inv: Test Cases/Service Provider -Internal TMS/Integrate Internal - Invalid Edit SP/4_Edit Company Postcode_Inv FAILED.
Reason:
com.kms.katalon.core.exception.StepFailedException: Actual text '"postalCode" length must be 5 characters long' and expected text 'Invalid postal code' of test object 'Object Repository/Invalid_Parameter_PopUP/Page_/span_TextAlert' are NOT matched. (Root cause: com.kms.katalon.core.exception.StepFailedException: Actual text '"postalCode" length must be 5 characters long' and expected text 'Invalid postal code' of test object 'Object Repository/Invalid_Parameter_PopUP/Page_/span_TextAlert' are NOT matched.
	at com.kms.katalon.core.webui.keyword.internal.WebUIKeywordMain.stepFailed(WebUIKeywordMain.groovy:64)
	at com.kms.katalon.core.webui.keyword.builtin.VerifyElementTextKeyword$_verifyElementText_closure1.doCall(VerifyElementTextKeyword.groovy:57)
	at com.kms.katalon.core.webui.keyword.builtin.VerifyElementTextKeyword$_verifyElementText_closure1.call(VerifyElementTextKeyword.groovy)
	at com.kms.katalon.core.webui.keyword.internal.WebUIKeywordMain.runKeyword(WebUIKeywordMain.groovy:20)
	at com.kms.katalon.core.webui.keyword.builtin.VerifyElementTextKeyword.verifyElementText(VerifyElementTextKeyword.groovy:72)
	at com.kms.katalon.core.webui.keyword.builtin.VerifyElementTextKeyword.execute(VerifyElementTextKeyword.groovy:40)
	at com.kms.katalon.core.keyword.internal.KeywordExecutor.executeKeywordForPlatform(KeywordExecutor.groovy:74)
	at com.kms.katalon.core.webui.keyword.WebUiBuiltInKeywords.verifyElementText(WebUiBuiltInKeywords.groovy:4749)
	at com.kms.katalon.core.webui.keyword.WebUiBuiltInKeywords$verifyElementText$8.call(Unknown Source)
	at 4_Edit Company Postcode_Inv.run(4_Edit Company Postcode_Inv:58)
	at com.kms.katalon.core.main.ScriptEngine.run(ScriptEngine.java:194)
	at com.kms.katalon.core.main.ScriptEngine.runScriptAsRawText(ScriptEngine.java:119)
	at com.kms.katalon.core.main.TestCaseExecutor.runScript(TestCaseExecutor.java:445)
	at com.kms.katalon.core.main.TestCaseExecutor.doExecute(TestCaseExecutor.java:436)
	at com.kms.katalon.core.main.TestCaseExecutor.processExecutionPhase(TestCaseExecutor.java:415)
	at com.kms.katalon.core.main.TestCaseExecutor.accessMainPhase(TestCaseExecutor.java:407)
	at com.kms.katalon.core.main.TestCaseExecutor.execute(TestCaseExecutor.java:284)
	at com.kms.katalon.core.common.CommonExecutor.accessTestCaseMainPhase(CommonExecutor.java:65)
	at com.kms.katalon.core.main.TestSuiteExecutor.accessTestSuiteMainPhase(TestSuiteExecutor.java:144)
	at com.kms.katalon.core.main.TestSuiteExecutor.execute(TestSuiteExecutor.java:106)
	at com.kms.katalon.core.main.TestCaseMain.startTestSuite(TestCaseMain.java:185)
	at com.kms.katalon.core.main.TestCaseMain$startTestSuite$0.call(Unknown Source)
	at TempTestSuite1661595450454.run(TempTestSuite1661595450454.groovy:36)
)
	at com.kms.katalon.core.keyword.internal.KeywordMain.stepFailed(KeywordMain.groovy:39)
	at com.kms.katalon.core.webui.keyword.internal.WebUIKeywordMain.stepFailed(WebUIKeywordMain.groovy:64)
	at com.kms.katalon.core.webui.keyword.builtin.VerifyElementTextKeyword$_verifyElementText_closure1.doCall(VerifyElementTextKeyword.groovy:57)
	at com.kms.katalon.core.webui.keyword.builtin.VerifyElementTextKeyword$_verifyElementText_closure1.call(VerifyElementTextKeyword.groovy)
	at com.kms.katalon.core.webui.keyword.internal.WebUIKeywordMain.runKeyword(WebUIKeywordMain.groovy:20)
	at com.kms.katalon.core.webui.keyword.builtin.VerifyElementTextKeyword.verifyElementText(VerifyElementTextKeyword.groovy:72)
	at com.kms.katalon.core.webui.keyword.builtin.VerifyElementTextKeyword.execute(VerifyElementTextKeyword.groovy:40)
	at com.kms.katalon.core.keyword.internal.KeywordExecutor.executeKeywordForPlatform(KeywordExecutor.groovy:74)
	at com.kms.katalon.core.webui.keyword.WebUiBuiltInKeywords.verifyElementText(WebUiBuiltInKeywords.groovy:4749)
	at com.kms.katalon.core.webui.keyword.WebUiBuiltInKeywords$verifyElementText$8.call(Unknown Source)
	at 4_Edit Company Postcode_Inv.run(4_Edit Company Postcode_Inv:58)
	at com.kms.katalon.core.main.ScriptEngine.run(ScriptEngine.java:194)
	at com.kms.katalon.core.main.ScriptEngine.runScriptAsRawText(ScriptEngine.java:119)
	at com.kms.katalon.core.main.TestCaseExecutor.runScript(TestCaseExecutor.java:445)
	at com.kms.katalon.core.main.TestCaseExecutor.doExecute(TestCaseExecutor.java:436)
	at com.kms.katalon.core.main.TestCaseExecutor.processExecutionPhase(TestCaseExecutor.java:415)
	at com.kms.katalon.core.main.TestCaseExecutor.accessMainPhase(TestCaseExecutor.java:407)
	at com.kms.katalon.core.main.TestCaseExecutor.execute(TestCaseExecutor.java:284)
	at com.kms.katalon.core.common.CommonExecutor.accessTestCaseMainPhase(CommonExecutor.java:65)
	at com.kms.katalon.core.main.TestSuiteExecutor.accessTestSuiteMainPhase(TestSuiteExecutor.java:144)
	at com.kms.katalon.core.main.TestSuiteExecutor.execute(TestSuiteExecutor.java:106)
	at com.kms.katalon.core.main.TestCaseMain.startTestSuite(TestCaseMain.java:185)
	at com.kms.katalon.core.main.TestCaseMain$startTestSuite$0.call(Unknown Source)
	at TempTestSuite1661595450454.run(TempTestSuite1661595450454.groovy:36)
Caused by: com.kms.katalon.core.exception.StepFailedException: Actual text '"postalCode" length must be 5 characters long' and expected text 'Invalid postal code' of test object 'Object Repository/Invalid_Parameter_PopUP/Page_/span_TextAlert' are NOT matched.
	... 23 more


2022-08-27 17:19:30 - [TEST_STEP][PASSED] - callTestCase(findTestCase("PreCondition/SP"), ["validData":""], CONTINUE_ON_FAILURE): Call Test Case 'Test Cases/PreCondition/SP' successfully

2022-08-27 17:19:30 - [TEST_CASE][PASSED] - Test Cases/PreCondition/SP: Test Cases/PreCondition/SP

2022-08-27 17:19:30 - [TEST_STEP][PASSED] - callTestCase(findTestCase("PreCondition/Login Internal-TMS"), [:], STOP_ON_FAILURE): Call Test Case 'Test Cases/PreCondition/Login Internal-TMS' successfully

2022-08-27 17:19:30 - [TEST_CASE][PASSED] - Test Cases/PreCondition/Login Internal-TMS: Test Cases/PreCondition/Login Internal-TMS

2022-08-27 17:19:30 - [TEST_STEP][PASSED] - openBrowser(""): Browser is opened with url: ''

2022-08-27 17:19:30 - [MESSAGE][INFO] - Starting 'Chrome (headless)' driver

2022-08-27 17:19:30 - [MESSAGE][INFO] - Action delay is set to 0 milliseconds

2022-08-27 17:19:32 - [MESSAGE][PASSED] - Browser is opened with url: ''

2022-08-27 17:19:32 - [TEST_STEP][PASSED] - navigateToUrl("https://console-dev.hzn.one/tms"): Navigate to 'https://console-dev.hzn.one/tms' successfully

2022-08-27 17:19:37 - [MESSAGE][PASSED] - Navigate to 'https://console-dev.hzn.one/tms' successfully

2022-08-27 17:19:37 - [TEST_STEP][PASSED] - setText(findTestObject("Login Internal TMS/Page_/Login_inputEmail"), "admin@hzn.one"): Text 'admin@hzn.one' is set on object 'Object Repository/Login Internal TMS/Page_/Login_inputEmail'

2022-08-27 17:19:38 - [MESSAGE][PASSED] - Text 'admin@hzn.one' is set on object 'Object Repository/Login Internal TMS/Page_/Login_inputEmail'

2022-08-27 17:19:38 - [TEST_STEP][PASSED] - setEncryptedText(findTestObject("Login Internal TMS/Page_/Login_inputPassword"), "MnsJkEeAVpEG2LE9uYr7zQ=="): Text ****** has been set on object 'Object Repository/Login Internal TMS/Page_/Login_inputPassword'

2022-08-27 17:19:39 - [MESSAGE][PASSED] - Text ****** has been set on object 'Object Repository/Login Internal TMS/Page_/Login_inputPassword'

2022-08-27 17:19:39 - [TEST_STEP][PASSED] - click(findTestObject("Object Repository/Login Internal TMS/Page_/button_Login")): Object: 'Object Repository/Login Internal TMS/Page_/button_Login' is clicked on

2022-08-27 17:19:40 - [MESSAGE][PASSED] - Object: 'Object Repository/Login Internal TMS/Page_/button_Login' is clicked on

2022-08-27 17:19:40 - [MESSAGE][PASSED] - Call Test Case 'Test Cases/PreCondition/Login Internal-TMS' successfully

2022-08-27 17:19:40 - [TEST_STEP][PASSED] - maximizeWindow(): Current window maximized

2022-08-27 17:19:40 - [MESSAGE][PASSED] - Current window maximized

2022-08-27 17:19:40 - [TEST_STEP][PASSED] - click(findTestObject("Search List SP/Page_/Page_/span_User Management")): Object: 'Object Repository/Search List SP/Page_/Page_/span_User Management' is clicked on

2022-08-27 17:19:43 - [MESSAGE][PASSED] - Object: 'Object Repository/Search List SP/Page_/Page_/span_User Management' is clicked on

2022-08-27 17:19:43 - [TEST_STEP][PASSED] - click(findTestObject("Object Repository/Search List SP/Page_/Service Provider")): Object: 'Object Repository/Search List SP/Page_/Service Provider' is clicked on

2022-08-27 17:19:44 - [MESSAGE][PASSED] - Object: 'Object Repository/Search List SP/Page_/Service Provider' is clicked on

2022-08-27 17:19:44 - [MESSAGE][PASSED] - Call Test Case 'Test Cases/PreCondition/SP' successfully

2022-08-27 17:19:44 - [TEST_STEP][PASSED] - callTestCase(findTestCase("PreCondition/Edit-Valid Param/Search ID"), [:], CONTINUE_ON_FAILURE): Call Test Case 'Test Cases/PreCondition/Edit-Valid Param/Search ID' successfully

2022-08-27 17:19:44 - [TEST_CASE][PASSED] - Test Cases/PreCondition/Edit-Valid Param/Search ID: Test Cases/PreCondition/Edit-Valid Param/Search ID

2022-08-27 17:19:44 - [TEST_STEP][PASSED] - setText(findTestObject("Search List SP/Page_/Field Search"), validSPId): Text 'IDN0103' is set on object 'Object Repository/Search List SP/Page_/Field Search'

2022-08-27 17:19:47 - [MESSAGE][PASSED] - Text 'IDN0103' is set on object 'Object Repository/Search List SP/Page_/Field Search'

2022-08-27 17:19:47 - [TEST_STEP][PASSED] - delay(5): Delayed 5 second(s)

2022-08-27 17:19:52 - [MESSAGE][PASSED] - Delayed 5 second(s)

2022-08-27 17:19:52 - [TEST_STEP][PASSED] - click(findTestObject("Get Detail SP/Page_/span_arrow_detailSP")): Object: 'Object Repository/Get Detail SP/Page_/span_arrow_detailSP' is clicked on

2022-08-27 17:19:52 - [MESSAGE][PASSED] - Object: 'Object Repository/Get Detail SP/Page_/span_arrow_detailSP' is clicked on

2022-08-27 17:19:52 - [TEST_STEP][PASSED] - delay(10): Delayed 10 second(s)

2022-08-27 17:20:02 - [MESSAGE][PASSED] - Delayed 10 second(s)

2022-08-27 17:20:02 - [TEST_STEP][PASSED] - click(findTestObject("Edit SP/ButtonEdit")): Object: 'Object Repository/Edit SP/ButtonEdit' is clicked on

2022-08-27 17:20:03 - [MESSAGE][PASSED] - Object: 'Object Repository/Edit SP/ButtonEdit' is clicked on

2022-08-27 17:20:03 - [TEST_STEP][PASSED] - delay(5): Delayed 5 second(s)

2022-08-27 17:20:08 - [MESSAGE][PASSED] - Delayed 5 second(s)

2022-08-27 17:20:08 - [MESSAGE][PASSED] - Call Test Case 'Test Cases/PreCondition/Edit-Valid Param/Search ID' successfully

2022-08-27 17:20:08 - [TEST_STEP][PASSED] - sendKeys(findTestObject("Add SP with valid data/Page_/AddSP_inputPostalcode"), Keys.chord(CONTROL, "a")): Keys 'CONTROL + a' sent to object: 'Object Repository/Add SP with valid data/Page_/AddSP_inputPostalcode'

2022-08-27 17:20:09 - [MESSAGE][PASSED] - Keys 'CONTROL + a' sent to object: 'Object Repository/Add SP with valid data/Page_/AddSP_inputPostalcode'

2022-08-27 17:20:09 - [TEST_STEP][PASSED] - sendKeys(findTestObject("Add SP with valid data/Page_/AddSP_inputPostalcode"), Keys.chord(BACK_SPACE)): Keys 'BACK_SPACE + ' sent to object: 'Object Repository/Add SP with valid data/Page_/AddSP_inputPostalcode'

2022-08-27 17:20:09 - [MESSAGE][PASSED] - Keys 'BACK_SPACE + ' sent to object: 'Object Repository/Add SP with valid data/Page_/AddSP_inputPostalcode'

2022-08-27 17:20:09 - [TEST_STEP][PASSED] - setText(findTestObject("Add SP with valid data/Page_/AddSP_inputPostalcode"), PostCode): Text '23' is set on object 'Object Repository/Add SP with valid data/Page_/AddSP_inputPostalcode'

2022-08-27 17:20:10 - [MESSAGE][PASSED] - Text '23' is set on object 'Object Repository/Add SP with valid data/Page_/AddSP_inputPostalcode'

2022-08-27 17:20:10 - [TEST_STEP][PASSED] - scrollToPosition(10, 10): Browser is scrolled to position x = 10, y = 10

2022-08-27 17:20:10 - [MESSAGE][PASSED] - Browser is scrolled to position x = 10, y = 10

2022-08-27 17:20:10 - [TEST_STEP][PASSED] - delay(3): Delayed 3 second(s)

2022-08-27 17:20:13 - [MESSAGE][PASSED] - Delayed 3 second(s)

2022-08-27 17:20:13 - [TEST_STEP][PASSED] - click(findTestObject("Edit SP/Button_SaveChanges")): Object: 'Object Repository/Edit SP/Button_SaveChanges' is clicked on

2022-08-27 17:20:15 - [MESSAGE][PASSED] - Object: 'Object Repository/Edit SP/Button_SaveChanges' is clicked on

2022-08-27 17:20:15 - [TEST_STEP][PASSED] - if (PostCode == ""): null

2022-08-27 17:20:15 - [TEST_STEP][FAILED] - else: null

2022-08-27 17:20:15 - [TEST_STEP][PASSED] - if ("PostCode".isNumber() && PostCode.length() > 5): null

2022-08-27 17:20:15 - [TEST_STEP][FAILED] - else if (PostCode.length() < 5 || PostCode.length() < 5 && PostCode >= "a" && PostCode <= "z" || PostCode >= "A" && PostCode <= "Z" || PostCode.length() > 5 && PostCode >= "a" && PostCode <= "z" || PostCode >= "A" && PostCode <= "Z"): null

2022-08-27 17:20:15 - [TEST_STEP][PASSED] - verifyElementPresent(findTestObject("Invalid_Parameter_PopUP/Page_/Body_ALert"), 0): Object 'Object Repository/Invalid_Parameter_PopUP/Page_/Body_ALert' is present

2022-08-27 17:20:15 - [MESSAGE][WARNING] - Timeout '0' is invalid. Using default page load timeout: '30'

2022-08-27 17:20:16 - [MESSAGE][PASSED] - Object 'Object Repository/Invalid_Parameter_PopUP/Page_/Body_ALert' is present

2022-08-27 17:20:16 - [TEST_STEP][FAILED] - verifyElementText(findTestObject("Invalid_Parameter_PopUP/Page_/span_TextAlert"), "Invalid postal code"): Actual text '"postalCode" length must be 5 characters long' and expected text 'Invalid postal code' of test object 'Object Repository/Invalid_Parameter_PopUP/Page_/span_TextAlert' are NOT matched. (Root cause: com.kms.katalon.core.exception.StepFailedException: Actual text '"postalCode" length must be 5 characters long' and expected text 'Invalid postal code' of test object 'Object Repository/Invalid_Parameter_PopUP/Page_/span_TextAlert' are NOT matched.
	at com.kms.katalon.core.webui.keyword.internal.WebUIKeywordMain.stepFailed(WebUIKeywordMain.groovy:64)
	at com.kms.katalon.core.webui.keyword.builtin.VerifyElementTextKeyword$_verifyElementText_closure1.doCall(VerifyElementTextKeyword.groovy:57)
	at com.kms.katalon.core.webui.keyword.builtin.VerifyElementTextKeyword$_verifyElementText_closure1.call(VerifyElementTextKeyword.groovy)
	at com.kms.katalon.core.webui.keyword.internal.WebUIKeywordMain.runKeyword(WebUIKeywordMain.groovy:20)
	at com.kms.katalon.core.webui.keyword.builtin.VerifyElementTextKeyword.verifyElementText(VerifyElementTextKeyword.groovy:72)
	at com.kms.katalon.core.webui.keyword.builtin.VerifyElementTextKeyword.execute(VerifyElementTextKeyword.groovy:40)
	at com.kms.katalon.core.keyword.internal.KeywordExecutor.executeKeywordForPlatform(KeywordExecutor.groovy:74)
	at com.kms.katalon.core.webui.keyword.WebUiBuiltInKeywords.verifyElementText(WebUiBuiltInKeywords.groovy:4749)
	at com.kms.katalon.core.webui.keyword.WebUiBuiltInKeywords$verifyElementText$8.call(Unknown Source)
	at 4_Edit Company Postcode_Inv.run(4_Edit Company Postcode_Inv:58)
	at com.kms.katalon.core.main.ScriptEngine.run(ScriptEngine.java:194)
	at com.kms.katalon.core.main.ScriptEngine.runScriptAsRawText(ScriptEngine.java:119)
	at com.kms.katalon.core.main.TestCaseExecutor.runScript(TestCaseExecutor.java:445)
	at com.kms.katalon.core.main.TestCaseExecutor.doExecute(TestCaseExecutor.java:436)
	at com.kms.katalon.core.main.TestCaseExecutor.processExecutionPhase(TestCaseExecutor.java:415)
	at com.kms.katalon.core.main.TestCaseExecutor.accessMainPhase(TestCaseExecutor.java:407)
	at com.kms.katalon.core.main.TestCaseExecutor.execute(TestCaseExecutor.java:284)
	at com.kms.katalon.core.common.CommonExecutor.accessTestCaseMainPhase(CommonExecutor.java:65)
	at com.kms.katalon.core.main.TestSuiteExecutor.accessTestSuiteMainPhase(TestSuiteExecutor.java:144)
	at com.kms.katalon.core.main.TestSuiteExecutor.execute(TestSuiteExecutor.java:106)
	at com.kms.katalon.core.main.TestCaseMain.startTestSuite(TestCaseMain.java:185)
	at com.kms.katalon.core.main.TestCaseMain$startTestSuite$0.call(Unknown Source)
	at TempTestSuite1661595450454.run(TempTestSuite1661595450454.groovy:36)
)

2022-08-27 17:20:17 - [MESSAGE][FAILED] - Actual text '"postalCode" length must be 5 characters long' and expected text 'Invalid postal code' of test object 'Object Repository/Invalid_Parameter_PopUP/Page_/span_TextAlert' are NOT matched. (Root cause: com.kms.katalon.core.exception.StepFailedException: Actual text '"postalCode" length must be 5 characters long' and expected text 'Invalid postal code' of test object 'Object Repository/Invalid_Parameter_PopUP/Page_/span_TextAlert' are NOT matched.
	at com.kms.katalon.core.webui.keyword.internal.WebUIKeywordMain.stepFailed(WebUIKeywordMain.groovy:64)
	at com.kms.katalon.core.webui.keyword.builtin.VerifyElementTextKeyword$_verifyElementText_closure1.doCall(VerifyElementTextKeyword.groovy:57)
	at com.kms.katalon.core.webui.keyword.builtin.VerifyElementTextKeyword$_verifyElementText_closure1.call(VerifyElementTextKeyword.groovy)
	at com.kms.katalon.core.webui.keyword.internal.WebUIKeywordMain.runKeyword(WebUIKeywordMain.groovy:20)
	at com.kms.katalon.core.webui.keyword.builtin.VerifyElementTextKeyword.verifyElementText(VerifyElementTextKeyword.groovy:72)
	at com.kms.katalon.core.webui.keyword.builtin.VerifyElementTextKeyword.execute(VerifyElementTextKeyword.groovy:40)
	at com.kms.katalon.core.keyword.internal.KeywordExecutor.executeKeywordForPlatform(KeywordExecutor.groovy:74)
	at com.kms.katalon.core.webui.keyword.WebUiBuiltInKeywords.verifyElementText(WebUiBuiltInKeywords.groovy:4749)
	at com.kms.katalon.core.webui.keyword.WebUiBuiltInKeywords$verifyElementText$8.call(Unknown Source)
	at 4_Edit Company Postcode_Inv.run(4_Edit Company Postcode_Inv:58)
	at com.kms.katalon.core.main.ScriptEngine.run(ScriptEngine.java:194)
	at com.kms.katalon.core.main.ScriptEngine.runScriptAsRawText(ScriptEngine.java:119)
	at com.kms.katalon.core.main.TestCaseExecutor.runScript(TestCaseExecutor.java:445)
	at com.kms.katalon.core.main.TestCaseExecutor.doExecute(TestCaseExecutor.java:436)
	at com.kms.katalon.core.main.TestCaseExecutor.processExecutionPhase(TestCaseExecutor.java:415)
	at com.kms.katalon.core.main.TestCaseExecutor.accessMainPhase(TestCaseExecutor.java:407)
	at com.kms.katalon.core.main.TestCaseExecutor.execute(TestCaseExecutor.java:284)
	at com.kms.katalon.core.common.CommonExecutor.accessTestCaseMainPhase(CommonExecutor.java:65)
	at com.kms.katalon.core.main.TestSuiteExecutor.accessTestSuiteMainPhase(TestSuiteExecutor.java:144)
	at com.kms.katalon.core.main.TestSuiteExecutor.execute(TestSuiteExecutor.java:106)
	at com.kms.katalon.core.main.TestCaseMain.startTestSuite(TestCaseMain.java:185)
	at com.kms.katalon.core.main.TestCaseMain$startTestSuite$0.call(Unknown Source)
	at TempTestSuite1661595450454.run(TempTestSuite1661595450454.groovy:36)
)
[[ATTACHMENT|D:\\QA\\Automation Testing\\KATALON\\TMS-Internal Automation\\TMS\\Reports\\20220827_171730\\Integrate Internal Edit SP with Invalid Data\\Edit PostCode with Invalid Input\\20220827_171730\\1661595617128.png]]

2022-08-27 17:20:17 - [TEST_STEP][PASSED] - closeBrowser(): Browser is closed

2022-08-27 17:20:18 - [MESSAGE][PASSED] - Browser is closed]]></system-out>
         <system-err><![CDATA[2022-08-27 17:19:29 - [TEST_CASE][FAILED] - Test Cases/Service Provider -Internal TMS/Integrate Internal - Invalid Edit SP/4_Edit Company Postcode_Inv: Test Cases/Service Provider -Internal TMS/Integrate Internal - Invalid Edit SP/4_Edit Company Postcode_Inv FAILED.
Reason:
com.kms.katalon.core.exception.StepFailedException: Actual text '"postalCode" length must be 5 characters long' and expected text 'Invalid postal code' of test object 'Object Repository/Invalid_Parameter_PopUP/Page_/span_TextAlert' are NOT matched. (Root cause: com.kms.katalon.core.exception.StepFailedException: Actual text '"postalCode" length must be 5 characters long' and expected text 'Invalid postal code' of test object 'Object Repository/Invalid_Parameter_PopUP/Page_/span_TextAlert' are NOT matched.
	at com.kms.katalon.core.webui.keyword.internal.WebUIKeywordMain.stepFailed(WebUIKeywordMain.groovy:64)
	at com.kms.katalon.core.webui.keyword.builtin.VerifyElementTextKeyword$_verifyElementText_closure1.doCall(VerifyElementTextKeyword.groovy:57)
	at com.kms.katalon.core.webui.keyword.builtin.VerifyElementTextKeyword$_verifyElementText_closure1.call(VerifyElementTextKeyword.groovy)
	at com.kms.katalon.core.webui.keyword.internal.WebUIKeywordMain.runKeyword(WebUIKeywordMain.groovy:20)
	at com.kms.katalon.core.webui.keyword.builtin.VerifyElementTextKeyword.verifyElementText(VerifyElementTextKeyword.groovy:72)
	at com.kms.katalon.core.webui.keyword.builtin.VerifyElementTextKeyword.execute(VerifyElementTextKeyword.groovy:40)
	at com.kms.katalon.core.keyword.internal.KeywordExecutor.executeKeywordForPlatform(KeywordExecutor.groovy:74)
	at com.kms.katalon.core.webui.keyword.WebUiBuiltInKeywords.verifyElementText(WebUiBuiltInKeywords.groovy:4749)
	at com.kms.katalon.core.webui.keyword.WebUiBuiltInKeywords$verifyElementText$8.call(Unknown Source)
	at 4_Edit Company Postcode_Inv.run(4_Edit Company Postcode_Inv:58)
	at com.kms.katalon.core.main.ScriptEngine.run(ScriptEngine.java:194)
	at com.kms.katalon.core.main.ScriptEngine.runScriptAsRawText(ScriptEngine.java:119)
	at com.kms.katalon.core.main.TestCaseExecutor.runScript(TestCaseExecutor.java:445)
	at com.kms.katalon.core.main.TestCaseExecutor.doExecute(TestCaseExecutor.java:436)
	at com.kms.katalon.core.main.TestCaseExecutor.processExecutionPhase(TestCaseExecutor.java:415)
	at com.kms.katalon.core.main.TestCaseExecutor.accessMainPhase(TestCaseExecutor.java:407)
	at com.kms.katalon.core.main.TestCaseExecutor.execute(TestCaseExecutor.java:284)
	at com.kms.katalon.core.common.CommonExecutor.accessTestCaseMainPhase(CommonExecutor.java:65)
	at com.kms.katalon.core.main.TestSuiteExecutor.accessTestSuiteMainPhase(TestSuiteExecutor.java:144)
	at com.kms.katalon.core.main.TestSuiteExecutor.execute(TestSuiteExecutor.java:106)
	at com.kms.katalon.core.main.TestCaseMain.startTestSuite(TestCaseMain.java:185)
	at com.kms.katalon.core.main.TestCaseMain$startTestSuite$0.call(Unknown Source)
	at TempTestSuite1661595450454.run(TempTestSuite1661595450454.groovy:36)
)
	at com.kms.katalon.core.keyword.internal.KeywordMain.stepFailed(KeywordMain.groovy:39)
	at com.kms.katalon.core.webui.keyword.internal.WebUIKeywordMain.stepFailed(WebUIKeywordMain.groovy:64)
	at com.kms.katalon.core.webui.keyword.builtin.VerifyElementTextKeyword$_verifyElementText_closure1.doCall(VerifyElementTextKeyword.groovy:57)
	at com.kms.katalon.core.webui.keyword.builtin.VerifyElementTextKeyword$_verifyElementText_closure1.call(VerifyElementTextKeyword.groovy)
	at com.kms.katalon.core.webui.keyword.internal.WebUIKeywordMain.runKeyword(WebUIKeywordMain.groovy:20)
	at com.kms.katalon.core.webui.keyword.builtin.VerifyElementTextKeyword.verifyElementText(VerifyElementTextKeyword.groovy:72)
	at com.kms.katalon.core.webui.keyword.builtin.VerifyElementTextKeyword.execute(VerifyElementTextKeyword.groovy:40)
	at com.kms.katalon.core.keyword.internal.KeywordExecutor.executeKeywordForPlatform(KeywordExecutor.groovy:74)
	at com.kms.katalon.core.webui.keyword.WebUiBuiltInKeywords.verifyElementText(WebUiBuiltInKeywords.groovy:4749)
	at com.kms.katalon.core.webui.keyword.WebUiBuiltInKeywords$verifyElementText$8.call(Unknown Source)
	at 4_Edit Company Postcode_Inv.run(4_Edit Company Postcode_Inv:58)
	at com.kms.katalon.core.main.ScriptEngine.run(ScriptEngine.java:194)
	at com.kms.katalon.core.main.ScriptEngine.runScriptAsRawText(ScriptEngine.java:119)
	at com.kms.katalon.core.main.TestCaseExecutor.runScript(TestCaseExecutor.java:445)
	at com.kms.katalon.core.main.TestCaseExecutor.doExecute(TestCaseExecutor.java:436)
	at com.kms.katalon.core.main.TestCaseExecutor.processExecutionPhase(TestCaseExecutor.java:415)
	at com.kms.katalon.core.main.TestCaseExecutor.accessMainPhase(TestCaseExecutor.java:407)
	at com.kms.katalon.core.main.TestCaseExecutor.execute(TestCaseExecutor.java:284)
	at com.kms.katalon.core.common.CommonExecutor.accessTestCaseMainPhase(CommonExecutor.java:65)
	at com.kms.katalon.core.main.TestSuiteExecutor.accessTestSuiteMainPhase(TestSuiteExecutor.java:144)
	at com.kms.katalon.core.main.TestSuiteExecutor.execute(TestSuiteExecutor.java:106)
	at com.kms.katalon.core.main.TestCaseMain.startTestSuite(TestCaseMain.java:185)
	at com.kms.katalon.core.main.TestCaseMain$startTestSuite$0.call(Unknown Source)
	at TempTestSuite1661595450454.run(TempTestSuite1661595450454.groovy:36)
Caused by: com.kms.katalon.core.exception.StepFailedException: Actual text '"postalCode" length must be 5 characters long' and expected text 'Invalid postal code' of test object 'Object Repository/Invalid_Parameter_PopUP/Page_/span_TextAlert' are NOT matched.
	... 23 more]]></system-err>
      </testcase>
      <testcase name="Test Cases/Service Provider -Internal TMS/Integrate Internal - Invalid Edit SP/4_Edit Company Postcode_Inv" time="50.996" classname="Test Cases/Service Provider -Internal TMS/Integrate Internal - Invalid Edit SP/4_Edit Company Postcode_Inv" status="FAILED">
         <failure type="FAILED" message="Test Cases/Service Provider -Internal TMS/Integrate Internal - Invalid Edit SP/4_Edit Company Postcode_Inv FAILED.
Reason:
com.kms.katalon.core.exception.StepFailedException: Actual text '&quot;postalCode&quot; length must be 5 characters long' and expected text 'Invalid postal code' of test object 'Object Repository/Invalid_Parameter_PopUP/Page_/span_TextAlert' are NOT matched. (Root cause: com.kms.katalon.core.exception.StepFailedException: Actual text '&quot;postalCode&quot; length must be 5 characters long' and expected text 'Invalid postal code' of test object 'Object Repository/Invalid_Parameter_PopUP/Page_/span_TextAlert' are NOT matched.
	at com.kms.katalon.core.webui.keyword.internal.WebUIKeywordMain.stepFailed(WebUIKeywordMain.groovy:64)
	at com.kms.katalon.core.webui.keyword.builtin.VerifyElementTextKeyword$_verifyElementText_closure1.doCall(VerifyElementTextKeyword.groovy:57)
	at com.kms.katalon.core.webui.keyword.builtin.VerifyElementTextKeyword$_verifyElementText_closure1.call(VerifyElementTextKeyword.groovy)
	at com.kms.katalon.core.webui.keyword.internal.WebUIKeywordMain.runKeyword(WebUIKeywordMain.groovy:20)
	at com.kms.katalon.core.webui.keyword.builtin.VerifyElementTextKeyword.verifyElementText(VerifyElementTextKeyword.groovy:72)
	at com.kms.katalon.core.webui.keyword.builtin.VerifyElementTextKeyword.execute(VerifyElementTextKeyword.groovy:40)
	at com.kms.katalon.core.keyword.internal.KeywordExecutor.executeKeywordForPlatform(KeywordExecutor.groovy:74)
	at com.kms.katalon.core.webui.keyword.WebUiBuiltInKeywords.verifyElementText(WebUiBuiltInKeywords.groovy:4749)
	at com.kms.katalon.core.webui.keyword.WebUiBuiltInKeywords$verifyElementText$8.call(Unknown Source)
	at 4_Edit Company Postcode_Inv.run(4_Edit Company Postcode_Inv:58)
	at com.kms.katalon.core.main.ScriptEngine.run(ScriptEngine.java:194)
	at com.kms.katalon.core.main.ScriptEngine.runScriptAsRawText(ScriptEngine.java:119)
	at com.kms.katalon.core.main.TestCaseExecutor.runScript(TestCaseExecutor.java:445)
	at com.kms.katalon.core.main.TestCaseExecutor.doExecute(TestCaseExecutor.java:436)
	at com.kms.katalon.core.main.TestCaseExecutor.processExecutionPhase(TestCaseExecutor.java:415)
	at com.kms.katalon.core.main.TestCaseExecutor.accessMainPhase(TestCaseExecutor.java:407)
	at com.kms.katalon.core.main.TestCaseExecutor.execute(TestCaseExecutor.java:284)
	at com.kms.katalon.core.common.CommonExecutor.accessTestCaseMainPhase(CommonExecutor.java:65)
	at com.kms.katalon.core.main.TestSuiteExecutor.accessTestSuiteMainPhase(TestSuiteExecutor.java:144)
	at com.kms.katalon.core.main.TestSuiteExecutor.execute(TestSuiteExecutor.java:106)
	at com.kms.katalon.core.main.TestCaseMain.startTestSuite(TestCaseMain.java:185)
	at com.kms.katalon.core.main.TestCaseMain$startTestSuite$0.call(Unknown Source)
	at TempTestSuite1661595450454.run(TempTestSuite1661595450454.groovy:36)
)
	at com.kms.katalon.core.keyword.internal.KeywordMain.stepFailed(KeywordMain.groovy:39)
	at com.kms.katalon.core.webui.keyword.internal.WebUIKeywordMain.stepFailed(WebUIKeywordMain.groovy:64)
	at com.kms.katalon.core.webui.keyword.builtin.VerifyElementTextKeyword$_verifyElementText_closure1.doCall(VerifyElementTextKeyword.groovy:57)
	at com.kms.katalon.core.webui.keyword.builtin.VerifyElementTextKeyword$_verifyElementText_closure1.call(VerifyElementTextKeyword.groovy)
	at com.kms.katalon.core.webui.keyword.internal.WebUIKeywordMain.runKeyword(WebUIKeywordMain.groovy:20)
	at com.kms.katalon.core.webui.keyword.builtin.VerifyElementTextKeyword.verifyElementText(VerifyElementTextKeyword.groovy:72)
	at com.kms.katalon.core.webui.keyword.builtin.VerifyElementTextKeyword.execute(VerifyElementTextKeyword.groovy:40)
	at com.kms.katalon.core.keyword.internal.KeywordExecutor.executeKeywordForPlatform(KeywordExecutor.groovy:74)
	at com.kms.katalon.core.webui.keyword.WebUiBuiltInKeywords.verifyElementText(WebUiBuiltInKeywords.groovy:4749)
	at com.kms.katalon.core.webui.keyword.WebUiBuiltInKeywords$verifyElementText$8.call(Unknown Source)
	at 4_Edit Company Postcode_Inv.run(4_Edit Company Postcode_Inv:58)
	at com.kms.katalon.core.main.ScriptEngine.run(ScriptEngine.java:194)
	at com.kms.katalon.core.main.ScriptEngine.runScriptAsRawText(ScriptEngine.java:119)
	at com.kms.katalon.core.main.TestCaseExecutor.runScript(TestCaseExecutor.java:445)
	at com.kms.katalon.core.main.TestCaseExecutor.doExecute(TestCaseExecutor.java:436)
	at com.kms.katalon.core.main.TestCaseExecutor.processExecutionPhase(TestCaseExecutor.java:415)
	at com.kms.katalon.core.main.TestCaseExecutor.accessMainPhase(TestCaseExecutor.java:407)
	at com.kms.katalon.core.main.TestCaseExecutor.execute(TestCaseExecutor.java:284)
	at com.kms.katalon.core.common.CommonExecutor.accessTestCaseMainPhase(CommonExecutor.java:65)
	at com.kms.katalon.core.main.TestSuiteExecutor.accessTestSuiteMainPhase(TestSuiteExecutor.java:144)
	at com.kms.katalon.core.main.TestSuiteExecutor.execute(TestSuiteExecutor.java:106)
	at com.kms.katalon.core.main.TestCaseMain.startTestSuite(TestCaseMain.java:185)
	at com.kms.katalon.core.main.TestCaseMain$startTestSuite$0.call(Unknown Source)
	at TempTestSuite1661595450454.run(TempTestSuite1661595450454.groovy:36)
Caused by: com.kms.katalon.core.exception.StepFailedException: Actual text '&quot;postalCode&quot; length must be 5 characters long' and expected text 'Invalid postal code' of test object 'Object Repository/Invalid_Parameter_PopUP/Page_/span_TextAlert' are NOT matched.
	... 23 more
"/>
         <system-out><![CDATA[2022-08-27 17:20:18 - [TEST_CASE][FAILED] - Test Cases/Service Provider -Internal TMS/Integrate Internal - Invalid Edit SP/4_Edit Company Postcode_Inv: Test Cases/Service Provider -Internal TMS/Integrate Internal - Invalid Edit SP/4_Edit Company Postcode_Inv FAILED.
Reason:
com.kms.katalon.core.exception.StepFailedException: Actual text '"postalCode" length must be 5 characters long' and expected text 'Invalid postal code' of test object 'Object Repository/Invalid_Parameter_PopUP/Page_/span_TextAlert' are NOT matched. (Root cause: com.kms.katalon.core.exception.StepFailedException: Actual text '"postalCode" length must be 5 characters long' and expected text 'Invalid postal code' of test object 'Object Repository/Invalid_Parameter_PopUP/Page_/span_TextAlert' are NOT matched.
	at com.kms.katalon.core.webui.keyword.internal.WebUIKeywordMain.stepFailed(WebUIKeywordMain.groovy:64)
	at com.kms.katalon.core.webui.keyword.builtin.VerifyElementTextKeyword$_verifyElementText_closure1.doCall(VerifyElementTextKeyword.groovy:57)
	at com.kms.katalon.core.webui.keyword.builtin.VerifyElementTextKeyword$_verifyElementText_closure1.call(VerifyElementTextKeyword.groovy)
	at com.kms.katalon.core.webui.keyword.internal.WebUIKeywordMain.runKeyword(WebUIKeywordMain.groovy:20)
	at com.kms.katalon.core.webui.keyword.builtin.VerifyElementTextKeyword.verifyElementText(VerifyElementTextKeyword.groovy:72)
	at com.kms.katalon.core.webui.keyword.builtin.VerifyElementTextKeyword.execute(VerifyElementTextKeyword.groovy:40)
	at com.kms.katalon.core.keyword.internal.KeywordExecutor.executeKeywordForPlatform(KeywordExecutor.groovy:74)
	at com.kms.katalon.core.webui.keyword.WebUiBuiltInKeywords.verifyElementText(WebUiBuiltInKeywords.groovy:4749)
	at com.kms.katalon.core.webui.keyword.WebUiBuiltInKeywords$verifyElementText$8.call(Unknown Source)
	at 4_Edit Company Postcode_Inv.run(4_Edit Company Postcode_Inv:58)
	at com.kms.katalon.core.main.ScriptEngine.run(ScriptEngine.java:194)
	at com.kms.katalon.core.main.ScriptEngine.runScriptAsRawText(ScriptEngine.java:119)
	at com.kms.katalon.core.main.TestCaseExecutor.runScript(TestCaseExecutor.java:445)
	at com.kms.katalon.core.main.TestCaseExecutor.doExecute(TestCaseExecutor.java:436)
	at com.kms.katalon.core.main.TestCaseExecutor.processExecutionPhase(TestCaseExecutor.java:415)
	at com.kms.katalon.core.main.TestCaseExecutor.accessMainPhase(TestCaseExecutor.java:407)
	at com.kms.katalon.core.main.TestCaseExecutor.execute(TestCaseExecutor.java:284)
	at com.kms.katalon.core.common.CommonExecutor.accessTestCaseMainPhase(CommonExecutor.java:65)
	at com.kms.katalon.core.main.TestSuiteExecutor.accessTestSuiteMainPhase(TestSuiteExecutor.java:144)
	at com.kms.katalon.core.main.TestSuiteExecutor.execute(TestSuiteExecutor.java:106)
	at com.kms.katalon.core.main.TestCaseMain.startTestSuite(TestCaseMain.java:185)
	at com.kms.katalon.core.main.TestCaseMain$startTestSuite$0.call(Unknown Source)
	at TempTestSuite1661595450454.run(TempTestSuite1661595450454.groovy:36)
)
	at com.kms.katalon.core.keyword.internal.KeywordMain.stepFailed(KeywordMain.groovy:39)
	at com.kms.katalon.core.webui.keyword.internal.WebUIKeywordMain.stepFailed(WebUIKeywordMain.groovy:64)
	at com.kms.katalon.core.webui.keyword.builtin.VerifyElementTextKeyword$_verifyElementText_closure1.doCall(VerifyElementTextKeyword.groovy:57)
	at com.kms.katalon.core.webui.keyword.builtin.VerifyElementTextKeyword$_verifyElementText_closure1.call(VerifyElementTextKeyword.groovy)
	at com.kms.katalon.core.webui.keyword.internal.WebUIKeywordMain.runKeyword(WebUIKeywordMain.groovy:20)
	at com.kms.katalon.core.webui.keyword.builtin.VerifyElementTextKeyword.verifyElementText(VerifyElementTextKeyword.groovy:72)
	at com.kms.katalon.core.webui.keyword.builtin.VerifyElementTextKeyword.execute(VerifyElementTextKeyword.groovy:40)
	at com.kms.katalon.core.keyword.internal.KeywordExecutor.executeKeywordForPlatform(KeywordExecutor.groovy:74)
	at com.kms.katalon.core.webui.keyword.WebUiBuiltInKeywords.verifyElementText(WebUiBuiltInKeywords.groovy:4749)
	at com.kms.katalon.core.webui.keyword.WebUiBuiltInKeywords$verifyElementText$8.call(Unknown Source)
	at 4_Edit Company Postcode_Inv.run(4_Edit Company Postcode_Inv:58)
	at com.kms.katalon.core.main.ScriptEngine.run(ScriptEngine.java:194)
	at com.kms.katalon.core.main.ScriptEngine.runScriptAsRawText(ScriptEngine.java:119)
	at com.kms.katalon.core.main.TestCaseExecutor.runScript(TestCaseExecutor.java:445)
	at com.kms.katalon.core.main.TestCaseExecutor.doExecute(TestCaseExecutor.java:436)
	at com.kms.katalon.core.main.TestCaseExecutor.processExecutionPhase(TestCaseExecutor.java:415)
	at com.kms.katalon.core.main.TestCaseExecutor.accessMainPhase(TestCaseExecutor.java:407)
	at com.kms.katalon.core.main.TestCaseExecutor.execute(TestCaseExecutor.java:284)
	at com.kms.katalon.core.common.CommonExecutor.accessTestCaseMainPhase(CommonExecutor.java:65)
	at com.kms.katalon.core.main.TestSuiteExecutor.accessTestSuiteMainPhase(TestSuiteExecutor.java:144)
	at com.kms.katalon.core.main.TestSuiteExecutor.execute(TestSuiteExecutor.java:106)
	at com.kms.katalon.core.main.TestCaseMain.startTestSuite(TestCaseMain.java:185)
	at com.kms.katalon.core.main.TestCaseMain$startTestSuite$0.call(Unknown Source)
	at TempTestSuite1661595450454.run(TempTestSuite1661595450454.groovy:36)
Caused by: com.kms.katalon.core.exception.StepFailedException: Actual text '"postalCode" length must be 5 characters long' and expected text 'Invalid postal code' of test object 'Object Repository/Invalid_Parameter_PopUP/Page_/span_TextAlert' are NOT matched.
	... 23 more


2022-08-27 17:20:18 - [TEST_STEP][PASSED] - callTestCase(findTestCase("PreCondition/SP"), ["validData":""], CONTINUE_ON_FAILURE): Call Test Case 'Test Cases/PreCondition/SP' successfully

2022-08-27 17:20:18 - [TEST_CASE][PASSED] - Test Cases/PreCondition/SP: Test Cases/PreCondition/SP

2022-08-27 17:20:18 - [TEST_STEP][PASSED] - callTestCase(findTestCase("PreCondition/Login Internal-TMS"), [:], STOP_ON_FAILURE): Call Test Case 'Test Cases/PreCondition/Login Internal-TMS' successfully

2022-08-27 17:20:18 - [TEST_CASE][PASSED] - Test Cases/PreCondition/Login Internal-TMS: Test Cases/PreCondition/Login Internal-TMS

2022-08-27 17:20:18 - [TEST_STEP][PASSED] - openBrowser(""): Browser is opened with url: ''

2022-08-27 17:20:19 - [MESSAGE][INFO] - Starting 'Chrome (headless)' driver

2022-08-27 17:20:19 - [MESSAGE][INFO] - Action delay is set to 0 milliseconds

2022-08-27 17:20:23 - [MESSAGE][PASSED] - Browser is opened with url: ''

2022-08-27 17:20:23 - [TEST_STEP][PASSED] - navigateToUrl("https://console-dev.hzn.one/tms"): Navigate to 'https://console-dev.hzn.one/tms' successfully

2022-08-27 17:20:28 - [MESSAGE][PASSED] - Navigate to 'https://console-dev.hzn.one/tms' successfully

2022-08-27 17:20:28 - [TEST_STEP][PASSED] - setText(findTestObject("Login Internal TMS/Page_/Login_inputEmail"), "admin@hzn.one"): Text 'admin@hzn.one' is set on object 'Object Repository/Login Internal TMS/Page_/Login_inputEmail'

2022-08-27 17:20:30 - [MESSAGE][PASSED] - Text 'admin@hzn.one' is set on object 'Object Repository/Login Internal TMS/Page_/Login_inputEmail'

2022-08-27 17:20:30 - [TEST_STEP][PASSED] - setEncryptedText(findTestObject("Login Internal TMS/Page_/Login_inputPassword"), "MnsJkEeAVpEG2LE9uYr7zQ=="): Text ****** has been set on object 'Object Repository/Login Internal TMS/Page_/Login_inputPassword'

2022-08-27 17:20:30 - [MESSAGE][PASSED] - Text ****** has been set on object 'Object Repository/Login Internal TMS/Page_/Login_inputPassword'

2022-08-27 17:20:30 - [TEST_STEP][PASSED] - click(findTestObject("Object Repository/Login Internal TMS/Page_/button_Login")): Object: 'Object Repository/Login Internal TMS/Page_/button_Login' is clicked on

2022-08-27 17:20:31 - [MESSAGE][PASSED] - Object: 'Object Repository/Login Internal TMS/Page_/button_Login' is clicked on

2022-08-27 17:20:31 - [MESSAGE][PASSED] - Call Test Case 'Test Cases/PreCondition/Login Internal-TMS' successfully

2022-08-27 17:20:31 - [TEST_STEP][PASSED] - maximizeWindow(): Current window maximized

2022-08-27 17:20:31 - [MESSAGE][PASSED] - Current window maximized

2022-08-27 17:20:31 - [TEST_STEP][PASSED] - click(findTestObject("Search List SP/Page_/Page_/span_User Management")): Object: 'Object Repository/Search List SP/Page_/Page_/span_User Management' is clicked on

2022-08-27 17:20:34 - [MESSAGE][PASSED] - Object: 'Object Repository/Search List SP/Page_/Page_/span_User Management' is clicked on

2022-08-27 17:20:34 - [TEST_STEP][PASSED] - click(findTestObject("Object Repository/Search List SP/Page_/Service Provider")): Object: 'Object Repository/Search List SP/Page_/Service Provider' is clicked on

2022-08-27 17:20:36 - [MESSAGE][PASSED] - Object: 'Object Repository/Search List SP/Page_/Service Provider' is clicked on

2022-08-27 17:20:36 - [MESSAGE][PASSED] - Call Test Case 'Test Cases/PreCondition/SP' successfully

2022-08-27 17:20:36 - [TEST_STEP][PASSED] - callTestCase(findTestCase("PreCondition/Edit-Valid Param/Search ID"), [:], CONTINUE_ON_FAILURE): Call Test Case 'Test Cases/PreCondition/Edit-Valid Param/Search ID' successfully

2022-08-27 17:20:36 - [TEST_CASE][PASSED] - Test Cases/PreCondition/Edit-Valid Param/Search ID: Test Cases/PreCondition/Edit-Valid Param/Search ID

2022-08-27 17:20:36 - [TEST_STEP][PASSED] - setText(findTestObject("Search List SP/Page_/Field Search"), validSPId): Text 'IDN0103' is set on object 'Object Repository/Search List SP/Page_/Field Search'

2022-08-27 17:20:38 - [MESSAGE][PASSED] - Text 'IDN0103' is set on object 'Object Repository/Search List SP/Page_/Field Search'

2022-08-27 17:20:38 - [TEST_STEP][PASSED] - delay(5): Delayed 5 second(s)

2022-08-27 17:20:43 - [MESSAGE][PASSED] - Delayed 5 second(s)

2022-08-27 17:20:43 - [TEST_STEP][PASSED] - click(findTestObject("Get Detail SP/Page_/span_arrow_detailSP")): Object: 'Object Repository/Get Detail SP/Page_/span_arrow_detailSP' is clicked on

2022-08-27 17:20:44 - [MESSAGE][PASSED] - Object: 'Object Repository/Get Detail SP/Page_/span_arrow_detailSP' is clicked on

2022-08-27 17:20:44 - [TEST_STEP][PASSED] - delay(10): Delayed 10 second(s)

2022-08-27 17:20:54 - [MESSAGE][PASSED] - Delayed 10 second(s)

2022-08-27 17:20:54 - [TEST_STEP][PASSED] - click(findTestObject("Edit SP/ButtonEdit")): Object: 'Object Repository/Edit SP/ButtonEdit' is clicked on

2022-08-27 17:20:55 - [MESSAGE][PASSED] - Object: 'Object Repository/Edit SP/ButtonEdit' is clicked on

2022-08-27 17:20:55 - [TEST_STEP][PASSED] - delay(5): Delayed 5 second(s)

2022-08-27 17:21:00 - [MESSAGE][PASSED] - Delayed 5 second(s)

2022-08-27 17:21:00 - [MESSAGE][PASSED] - Call Test Case 'Test Cases/PreCondition/Edit-Valid Param/Search ID' successfully

2022-08-27 17:21:00 - [TEST_STEP][PASSED] - sendKeys(findTestObject("Add SP with valid data/Page_/AddSP_inputPostalcode"), Keys.chord(CONTROL, "a")): Keys 'CONTROL + a' sent to object: 'Object Repository/Add SP with valid data/Page_/AddSP_inputPostalcode'

2022-08-27 17:21:00 - [MESSAGE][PASSED] - Keys 'CONTROL + a' sent to object: 'Object Repository/Add SP with valid data/Page_/AddSP_inputPostalcode'

2022-08-27 17:21:00 - [TEST_STEP][PASSED] - sendKeys(findTestObject("Add SP with valid data/Page_/AddSP_inputPostalcode"), Keys.chord(BACK_SPACE)): Keys 'BACK_SPACE + ' sent to object: 'Object Repository/Add SP with valid data/Page_/AddSP_inputPostalcode'

2022-08-27 17:21:01 - [MESSAGE][PASSED] - Keys 'BACK_SPACE + ' sent to object: 'Object Repository/Add SP with valid data/Page_/AddSP_inputPostalcode'

2022-08-27 17:21:01 - [TEST_STEP][PASSED] - setText(findTestObject("Add SP with valid data/Page_/AddSP_inputPostalcode"), PostCode): Text 'abcs' is set on object 'Object Repository/Add SP with valid data/Page_/AddSP_inputPostalcode'

2022-08-27 17:21:01 - [MESSAGE][PASSED] - Text 'abcs' is set on object 'Object Repository/Add SP with valid data/Page_/AddSP_inputPostalcode'

2022-08-27 17:21:01 - [TEST_STEP][PASSED] - scrollToPosition(10, 10): Browser is scrolled to position x = 10, y = 10

2022-08-27 17:21:01 - [MESSAGE][PASSED] - Browser is scrolled to position x = 10, y = 10

2022-08-27 17:21:01 - [TEST_STEP][PASSED] - delay(3): Delayed 3 second(s)

2022-08-27 17:21:04 - [MESSAGE][PASSED] - Delayed 3 second(s)

2022-08-27 17:21:04 - [TEST_STEP][PASSED] - click(findTestObject("Edit SP/Button_SaveChanges")): Object: 'Object Repository/Edit SP/Button_SaveChanges' is clicked on

2022-08-27 17:21:06 - [MESSAGE][PASSED] - Object: 'Object Repository/Edit SP/Button_SaveChanges' is clicked on

2022-08-27 17:21:06 - [TEST_STEP][PASSED] - if (PostCode == ""): null

2022-08-27 17:21:06 - [TEST_STEP][FAILED] - else: null

2022-08-27 17:21:06 - [TEST_STEP][PASSED] - if ("PostCode".isNumber() && PostCode.length() > 5): null

2022-08-27 17:21:06 - [TEST_STEP][FAILED] - else if (PostCode.length() < 5 || PostCode.length() < 5 && PostCode >= "a" && PostCode <= "z" || PostCode >= "A" && PostCode <= "Z" || PostCode.length() > 5 && PostCode >= "a" && PostCode <= "z" || PostCode >= "A" && PostCode <= "Z"): null

2022-08-27 17:21:06 - [TEST_STEP][PASSED] - verifyElementPresent(findTestObject("Invalid_Parameter_PopUP/Page_/Body_ALert"), 0): Object 'Object Repository/Invalid_Parameter_PopUP/Page_/Body_ALert' is present

2022-08-27 17:21:06 - [MESSAGE][WARNING] - Timeout '0' is invalid. Using default page load timeout: '30'

2022-08-27 17:21:07 - [MESSAGE][PASSED] - Object 'Object Repository/Invalid_Parameter_PopUP/Page_/Body_ALert' is present

2022-08-27 17:21:07 - [TEST_STEP][FAILED] - verifyElementText(findTestObject("Invalid_Parameter_PopUP/Page_/span_TextAlert"), "Invalid postal code"): Actual text '"postalCode" length must be 5 characters long' and expected text 'Invalid postal code' of test object 'Object Repository/Invalid_Parameter_PopUP/Page_/span_TextAlert' are NOT matched. (Root cause: com.kms.katalon.core.exception.StepFailedException: Actual text '"postalCode" length must be 5 characters long' and expected text 'Invalid postal code' of test object 'Object Repository/Invalid_Parameter_PopUP/Page_/span_TextAlert' are NOT matched.
	at com.kms.katalon.core.webui.keyword.internal.WebUIKeywordMain.stepFailed(WebUIKeywordMain.groovy:64)
	at com.kms.katalon.core.webui.keyword.builtin.VerifyElementTextKeyword$_verifyElementText_closure1.doCall(VerifyElementTextKeyword.groovy:57)
	at com.kms.katalon.core.webui.keyword.builtin.VerifyElementTextKeyword$_verifyElementText_closure1.call(VerifyElementTextKeyword.groovy)
	at com.kms.katalon.core.webui.keyword.internal.WebUIKeywordMain.runKeyword(WebUIKeywordMain.groovy:20)
	at com.kms.katalon.core.webui.keyword.builtin.VerifyElementTextKeyword.verifyElementText(VerifyElementTextKeyword.groovy:72)
	at com.kms.katalon.core.webui.keyword.builtin.VerifyElementTextKeyword.execute(VerifyElementTextKeyword.groovy:40)
	at com.kms.katalon.core.keyword.internal.KeywordExecutor.executeKeywordForPlatform(KeywordExecutor.groovy:74)
	at com.kms.katalon.core.webui.keyword.WebUiBuiltInKeywords.verifyElementText(WebUiBuiltInKeywords.groovy:4749)
	at com.kms.katalon.core.webui.keyword.WebUiBuiltInKeywords$verifyElementText$8.call(Unknown Source)
	at 4_Edit Company Postcode_Inv.run(4_Edit Company Postcode_Inv:58)
	at com.kms.katalon.core.main.ScriptEngine.run(ScriptEngine.java:194)
	at com.kms.katalon.core.main.ScriptEngine.runScriptAsRawText(ScriptEngine.java:119)
	at com.kms.katalon.core.main.TestCaseExecutor.runScript(TestCaseExecutor.java:445)
	at com.kms.katalon.core.main.TestCaseExecutor.doExecute(TestCaseExecutor.java:436)
	at com.kms.katalon.core.main.TestCaseExecutor.processExecutionPhase(TestCaseExecutor.java:415)
	at com.kms.katalon.core.main.TestCaseExecutor.accessMainPhase(TestCaseExecutor.java:407)
	at com.kms.katalon.core.main.TestCaseExecutor.execute(TestCaseExecutor.java:284)
	at com.kms.katalon.core.common.CommonExecutor.accessTestCaseMainPhase(CommonExecutor.java:65)
	at com.kms.katalon.core.main.TestSuiteExecutor.accessTestSuiteMainPhase(TestSuiteExecutor.java:144)
	at com.kms.katalon.core.main.TestSuiteExecutor.execute(TestSuiteExecutor.java:106)
	at com.kms.katalon.core.main.TestCaseMain.startTestSuite(TestCaseMain.java:185)
	at com.kms.katalon.core.main.TestCaseMain$startTestSuite$0.call(Unknown Source)
	at TempTestSuite1661595450454.run(TempTestSuite1661595450454.groovy:36)
)

2022-08-27 17:21:08 - [MESSAGE][FAILED] - Actual text '"postalCode" length must be 5 characters long' and expected text 'Invalid postal code' of test object 'Object Repository/Invalid_Parameter_PopUP/Page_/span_TextAlert' are NOT matched. (Root cause: com.kms.katalon.core.exception.StepFailedException: Actual text '"postalCode" length must be 5 characters long' and expected text 'Invalid postal code' of test object 'Object Repository/Invalid_Parameter_PopUP/Page_/span_TextAlert' are NOT matched.
	at com.kms.katalon.core.webui.keyword.internal.WebUIKeywordMain.stepFailed(WebUIKeywordMain.groovy:64)
	at com.kms.katalon.core.webui.keyword.builtin.VerifyElementTextKeyword$_verifyElementText_closure1.doCall(VerifyElementTextKeyword.groovy:57)
	at com.kms.katalon.core.webui.keyword.builtin.VerifyElementTextKeyword$_verifyElementText_closure1.call(VerifyElementTextKeyword.groovy)
	at com.kms.katalon.core.webui.keyword.internal.WebUIKeywordMain.runKeyword(WebUIKeywordMain.groovy:20)
	at com.kms.katalon.core.webui.keyword.builtin.VerifyElementTextKeyword.verifyElementText(VerifyElementTextKeyword.groovy:72)
	at com.kms.katalon.core.webui.keyword.builtin.VerifyElementTextKeyword.execute(VerifyElementTextKeyword.groovy:40)
	at com.kms.katalon.core.keyword.internal.KeywordExecutor.executeKeywordForPlatform(KeywordExecutor.groovy:74)
	at com.kms.katalon.core.webui.keyword.WebUiBuiltInKeywords.verifyElementText(WebUiBuiltInKeywords.groovy:4749)
	at com.kms.katalon.core.webui.keyword.WebUiBuiltInKeywords$verifyElementText$8.call(Unknown Source)
	at 4_Edit Company Postcode_Inv.run(4_Edit Company Postcode_Inv:58)
	at com.kms.katalon.core.main.ScriptEngine.run(ScriptEngine.java:194)
	at com.kms.katalon.core.main.ScriptEngine.runScriptAsRawText(ScriptEngine.java:119)
	at com.kms.katalon.core.main.TestCaseExecutor.runScript(TestCaseExecutor.java:445)
	at com.kms.katalon.core.main.TestCaseExecutor.doExecute(TestCaseExecutor.java:436)
	at com.kms.katalon.core.main.TestCaseExecutor.processExecutionPhase(TestCaseExecutor.java:415)
	at com.kms.katalon.core.main.TestCaseExecutor.accessMainPhase(TestCaseExecutor.java:407)
	at com.kms.katalon.core.main.TestCaseExecutor.execute(TestCaseExecutor.java:284)
	at com.kms.katalon.core.common.CommonExecutor.accessTestCaseMainPhase(CommonExecutor.java:65)
	at com.kms.katalon.core.main.TestSuiteExecutor.accessTestSuiteMainPhase(TestSuiteExecutor.java:144)
	at com.kms.katalon.core.main.TestSuiteExecutor.execute(TestSuiteExecutor.java:106)
	at com.kms.katalon.core.main.TestCaseMain.startTestSuite(TestCaseMain.java:185)
	at com.kms.katalon.core.main.TestCaseMain$startTestSuite$0.call(Unknown Source)
	at TempTestSuite1661595450454.run(TempTestSuite1661595450454.groovy:36)
)
[[ATTACHMENT|D:\\QA\\Automation Testing\\KATALON\\TMS-Internal Automation\\TMS\\Reports\\20220827_171730\\Integrate Internal Edit SP with Invalid Data\\Edit PostCode with Invalid Input\\20220827_171730\\1661595668459.png]]

2022-08-27 17:21:08 - [TEST_STEP][PASSED] - closeBrowser(): Browser is closed

2022-08-27 17:21:09 - [MESSAGE][PASSED] - Browser is closed]]></system-out>
         <system-err><![CDATA[2022-08-27 17:20:18 - [TEST_CASE][FAILED] - Test Cases/Service Provider -Internal TMS/Integrate Internal - Invalid Edit SP/4_Edit Company Postcode_Inv: Test Cases/Service Provider -Internal TMS/Integrate Internal - Invalid Edit SP/4_Edit Company Postcode_Inv FAILED.
Reason:
com.kms.katalon.core.exception.StepFailedException: Actual text '"postalCode" length must be 5 characters long' and expected text 'Invalid postal code' of test object 'Object Repository/Invalid_Parameter_PopUP/Page_/span_TextAlert' are NOT matched. (Root cause: com.kms.katalon.core.exception.StepFailedException: Actual text '"postalCode" length must be 5 characters long' and expected text 'Invalid postal code' of test object 'Object Repository/Invalid_Parameter_PopUP/Page_/span_TextAlert' are NOT matched.
	at com.kms.katalon.core.webui.keyword.internal.WebUIKeywordMain.stepFailed(WebUIKeywordMain.groovy:64)
	at com.kms.katalon.core.webui.keyword.builtin.VerifyElementTextKeyword$_verifyElementText_closure1.doCall(VerifyElementTextKeyword.groovy:57)
	at com.kms.katalon.core.webui.keyword.builtin.VerifyElementTextKeyword$_verifyElementText_closure1.call(VerifyElementTextKeyword.groovy)
	at com.kms.katalon.core.webui.keyword.internal.WebUIKeywordMain.runKeyword(WebUIKeywordMain.groovy:20)
	at com.kms.katalon.core.webui.keyword.builtin.VerifyElementTextKeyword.verifyElementText(VerifyElementTextKeyword.groovy:72)
	at com.kms.katalon.core.webui.keyword.builtin.VerifyElementTextKeyword.execute(VerifyElementTextKeyword.groovy:40)
	at com.kms.katalon.core.keyword.internal.KeywordExecutor.executeKeywordForPlatform(KeywordExecutor.groovy:74)
	at com.kms.katalon.core.webui.keyword.WebUiBuiltInKeywords.verifyElementText(WebUiBuiltInKeywords.groovy:4749)
	at com.kms.katalon.core.webui.keyword.WebUiBuiltInKeywords$verifyElementText$8.call(Unknown Source)
	at 4_Edit Company Postcode_Inv.run(4_Edit Company Postcode_Inv:58)
	at com.kms.katalon.core.main.ScriptEngine.run(ScriptEngine.java:194)
	at com.kms.katalon.core.main.ScriptEngine.runScriptAsRawText(ScriptEngine.java:119)
	at com.kms.katalon.core.main.TestCaseExecutor.runScript(TestCaseExecutor.java:445)
	at com.kms.katalon.core.main.TestCaseExecutor.doExecute(TestCaseExecutor.java:436)
	at com.kms.katalon.core.main.TestCaseExecutor.processExecutionPhase(TestCaseExecutor.java:415)
	at com.kms.katalon.core.main.TestCaseExecutor.accessMainPhase(TestCaseExecutor.java:407)
	at com.kms.katalon.core.main.TestCaseExecutor.execute(TestCaseExecutor.java:284)
	at com.kms.katalon.core.common.CommonExecutor.accessTestCaseMainPhase(CommonExecutor.java:65)
	at com.kms.katalon.core.main.TestSuiteExecutor.accessTestSuiteMainPhase(TestSuiteExecutor.java:144)
	at com.kms.katalon.core.main.TestSuiteExecutor.execute(TestSuiteExecutor.java:106)
	at com.kms.katalon.core.main.TestCaseMain.startTestSuite(TestCaseMain.java:185)
	at com.kms.katalon.core.main.TestCaseMain$startTestSuite$0.call(Unknown Source)
	at TempTestSuite1661595450454.run(TempTestSuite1661595450454.groovy:36)
)
	at com.kms.katalon.core.keyword.internal.KeywordMain.stepFailed(KeywordMain.groovy:39)
	at com.kms.katalon.core.webui.keyword.internal.WebUIKeywordMain.stepFailed(WebUIKeywordMain.groovy:64)
	at com.kms.katalon.core.webui.keyword.builtin.VerifyElementTextKeyword$_verifyElementText_closure1.doCall(VerifyElementTextKeyword.groovy:57)
	at com.kms.katalon.core.webui.keyword.builtin.VerifyElementTextKeyword$_verifyElementText_closure1.call(VerifyElementTextKeyword.groovy)
	at com.kms.katalon.core.webui.keyword.internal.WebUIKeywordMain.runKeyword(WebUIKeywordMain.groovy:20)
	at com.kms.katalon.core.webui.keyword.builtin.VerifyElementTextKeyword.verifyElementText(VerifyElementTextKeyword.groovy:72)
	at com.kms.katalon.core.webui.keyword.builtin.VerifyElementTextKeyword.execute(VerifyElementTextKeyword.groovy:40)
	at com.kms.katalon.core.keyword.internal.KeywordExecutor.executeKeywordForPlatform(KeywordExecutor.groovy:74)
	at com.kms.katalon.core.webui.keyword.WebUiBuiltInKeywords.verifyElementText(WebUiBuiltInKeywords.groovy:4749)
	at com.kms.katalon.core.webui.keyword.WebUiBuiltInKeywords$verifyElementText$8.call(Unknown Source)
	at 4_Edit Company Postcode_Inv.run(4_Edit Company Postcode_Inv:58)
	at com.kms.katalon.core.main.ScriptEngine.run(ScriptEngine.java:194)
	at com.kms.katalon.core.main.ScriptEngine.runScriptAsRawText(ScriptEngine.java:119)
	at com.kms.katalon.core.main.TestCaseExecutor.runScript(TestCaseExecutor.java:445)
	at com.kms.katalon.core.main.TestCaseExecutor.doExecute(TestCaseExecutor.java:436)
	at com.kms.katalon.core.main.TestCaseExecutor.processExecutionPhase(TestCaseExecutor.java:415)
	at com.kms.katalon.core.main.TestCaseExecutor.accessMainPhase(TestCaseExecutor.java:407)
	at com.kms.katalon.core.main.TestCaseExecutor.execute(TestCaseExecutor.java:284)
	at com.kms.katalon.core.common.CommonExecutor.accessTestCaseMainPhase(CommonExecutor.java:65)
	at com.kms.katalon.core.main.TestSuiteExecutor.accessTestSuiteMainPhase(TestSuiteExecutor.java:144)
	at com.kms.katalon.core.main.TestSuiteExecutor.execute(TestSuiteExecutor.java:106)
	at com.kms.katalon.core.main.TestCaseMain.startTestSuite(TestCaseMain.java:185)
	at com.kms.katalon.core.main.TestCaseMain$startTestSuite$0.call(Unknown Source)
	at TempTestSuite1661595450454.run(TempTestSuite1661595450454.groovy:36)
Caused by: com.kms.katalon.core.exception.StepFailedException: Actual text '"postalCode" length must be 5 characters long' and expected text 'Invalid postal code' of test object 'Object Repository/Invalid_Parameter_PopUP/Page_/span_TextAlert' are NOT matched.
	... 23 more]]></system-err>
      </testcase>
      <testcase name="Test Cases/Service Provider -Internal TMS/Integrate Internal - Invalid Edit SP/4_Edit Company Postcode_Inv" time="47.475" classname="Test Cases/Service Provider -Internal TMS/Integrate Internal - Invalid Edit SP/4_Edit Company Postcode_Inv" status="PASSED">
         <system-out><![CDATA[2022-08-27 17:21:09 - [TEST_CASE][PASSED] - Test Cases/Service Provider -Internal TMS/Integrate Internal - Invalid Edit SP/4_Edit Company Postcode_Inv: Test Cases/Service Provider -Internal TMS/Integrate Internal - Invalid Edit SP/4_Edit Company Postcode_Inv

2022-08-27 17:21:09 - [TEST_STEP][PASSED] - callTestCase(findTestCase("PreCondition/SP"), ["validData":""], CONTINUE_ON_FAILURE): Call Test Case 'Test Cases/PreCondition/SP' successfully

2022-08-27 17:21:10 - [TEST_CASE][PASSED] - Test Cases/PreCondition/SP: Test Cases/PreCondition/SP

2022-08-27 17:21:10 - [TEST_STEP][PASSED] - callTestCase(findTestCase("PreCondition/Login Internal-TMS"), [:], STOP_ON_FAILURE): Call Test Case 'Test Cases/PreCondition/Login Internal-TMS' successfully

2022-08-27 17:21:10 - [TEST_CASE][PASSED] - Test Cases/PreCondition/Login Internal-TMS: Test Cases/PreCondition/Login Internal-TMS

2022-08-27 17:21:10 - [TEST_STEP][PASSED] - openBrowser(""): Browser is opened with url: ''

2022-08-27 17:21:10 - [MESSAGE][INFO] - Starting 'Chrome (headless)' driver

2022-08-27 17:21:10 - [MESSAGE][INFO] - Action delay is set to 0 milliseconds

2022-08-27 17:21:11 - [MESSAGE][PASSED] - Browser is opened with url: ''

2022-08-27 17:21:11 - [TEST_STEP][PASSED] - navigateToUrl("https://console-dev.hzn.one/tms"): Navigate to 'https://console-dev.hzn.one/tms' successfully

2022-08-27 17:21:18 - [MESSAGE][PASSED] - Navigate to 'https://console-dev.hzn.one/tms' successfully

2022-08-27 17:21:18 - [TEST_STEP][PASSED] - setText(findTestObject("Login Internal TMS/Page_/Login_inputEmail"), "admin@hzn.one"): Text 'admin@hzn.one' is set on object 'Object Repository/Login Internal TMS/Page_/Login_inputEmail'

2022-08-27 17:21:19 - [MESSAGE][PASSED] - Text 'admin@hzn.one' is set on object 'Object Repository/Login Internal TMS/Page_/Login_inputEmail'

2022-08-27 17:21:19 - [TEST_STEP][PASSED] - setEncryptedText(findTestObject("Login Internal TMS/Page_/Login_inputPassword"), "MnsJkEeAVpEG2LE9uYr7zQ=="): Text ****** has been set on object 'Object Repository/Login Internal TMS/Page_/Login_inputPassword'

2022-08-27 17:21:19 - [MESSAGE][PASSED] - Text ****** has been set on object 'Object Repository/Login Internal TMS/Page_/Login_inputPassword'

2022-08-27 17:21:19 - [TEST_STEP][PASSED] - click(findTestObject("Object Repository/Login Internal TMS/Page_/button_Login")): Object: 'Object Repository/Login Internal TMS/Page_/button_Login' is clicked on

2022-08-27 17:21:20 - [MESSAGE][PASSED] - Object: 'Object Repository/Login Internal TMS/Page_/button_Login' is clicked on

2022-08-27 17:21:20 - [MESSAGE][PASSED] - Call Test Case 'Test Cases/PreCondition/Login Internal-TMS' successfully

2022-08-27 17:21:20 - [TEST_STEP][PASSED] - maximizeWindow(): Current window maximized

2022-08-27 17:21:20 - [MESSAGE][PASSED] - Current window maximized

2022-08-27 17:21:20 - [TEST_STEP][PASSED] - click(findTestObject("Search List SP/Page_/Page_/span_User Management")): Object: 'Object Repository/Search List SP/Page_/Page_/span_User Management' is clicked on

2022-08-27 17:21:23 - [MESSAGE][PASSED] - Object: 'Object Repository/Search List SP/Page_/Page_/span_User Management' is clicked on

2022-08-27 17:21:23 - [TEST_STEP][PASSED] - click(findTestObject("Object Repository/Search List SP/Page_/Service Provider")): Object: 'Object Repository/Search List SP/Page_/Service Provider' is clicked on

2022-08-27 17:21:24 - [MESSAGE][PASSED] - Object: 'Object Repository/Search List SP/Page_/Service Provider' is clicked on

2022-08-27 17:21:24 - [MESSAGE][PASSED] - Call Test Case 'Test Cases/PreCondition/SP' successfully

2022-08-27 17:21:24 - [TEST_STEP][PASSED] - callTestCase(findTestCase("PreCondition/Edit-Valid Param/Search ID"), [:], CONTINUE_ON_FAILURE): Call Test Case 'Test Cases/PreCondition/Edit-Valid Param/Search ID' successfully

2022-08-27 17:21:24 - [TEST_CASE][PASSED] - Test Cases/PreCondition/Edit-Valid Param/Search ID: Test Cases/PreCondition/Edit-Valid Param/Search ID

2022-08-27 17:21:24 - [TEST_STEP][PASSED] - setText(findTestObject("Search List SP/Page_/Field Search"), validSPId): Text 'IDN0103' is set on object 'Object Repository/Search List SP/Page_/Field Search'

2022-08-27 17:21:27 - [MESSAGE][PASSED] - Text 'IDN0103' is set on object 'Object Repository/Search List SP/Page_/Field Search'

2022-08-27 17:21:27 - [TEST_STEP][PASSED] - delay(5): Delayed 5 second(s)

2022-08-27 17:21:32 - [MESSAGE][PASSED] - Delayed 5 second(s)

2022-08-27 17:21:32 - [TEST_STEP][PASSED] - click(findTestObject("Get Detail SP/Page_/span_arrow_detailSP")): Object: 'Object Repository/Get Detail SP/Page_/span_arrow_detailSP' is clicked on

2022-08-27 17:21:32 - [MESSAGE][PASSED] - Object: 'Object Repository/Get Detail SP/Page_/span_arrow_detailSP' is clicked on

2022-08-27 17:21:32 - [TEST_STEP][PASSED] - delay(10): Delayed 10 second(s)

2022-08-27 17:21:42 - [MESSAGE][PASSED] - Delayed 10 second(s)

2022-08-27 17:21:42 - [TEST_STEP][PASSED] - click(findTestObject("Edit SP/ButtonEdit")): Object: 'Object Repository/Edit SP/ButtonEdit' is clicked on

2022-08-27 17:21:43 - [MESSAGE][PASSED] - Object: 'Object Repository/Edit SP/ButtonEdit' is clicked on

2022-08-27 17:21:43 - [TEST_STEP][PASSED] - delay(5): Delayed 5 second(s)

2022-08-27 17:21:48 - [MESSAGE][PASSED] - Delayed 5 second(s)

2022-08-27 17:21:48 - [MESSAGE][PASSED] - Call Test Case 'Test Cases/PreCondition/Edit-Valid Param/Search ID' successfully

2022-08-27 17:21:48 - [TEST_STEP][PASSED] - sendKeys(findTestObject("Add SP with valid data/Page_/AddSP_inputPostalcode"), Keys.chord(CONTROL, "a")): Keys 'CONTROL + a' sent to object: 'Object Repository/Add SP with valid data/Page_/AddSP_inputPostalcode'

2022-08-27 17:21:49 - [MESSAGE][PASSED] - Keys 'CONTROL + a' sent to object: 'Object Repository/Add SP with valid data/Page_/AddSP_inputPostalcode'

2022-08-27 17:21:49 - [TEST_STEP][PASSED] - sendKeys(findTestObject("Add SP with valid data/Page_/AddSP_inputPostalcode"), Keys.chord(BACK_SPACE)): Keys 'BACK_SPACE + ' sent to object: 'Object Repository/Add SP with valid data/Page_/AddSP_inputPostalcode'

2022-08-27 17:21:49 - [MESSAGE][PASSED] - Keys 'BACK_SPACE + ' sent to object: 'Object Repository/Add SP with valid data/Page_/AddSP_inputPostalcode'

2022-08-27 17:21:49 - [TEST_STEP][PASSED] - setText(findTestObject("Add SP with valid data/Page_/AddSP_inputPostalcode"), PostCode): Text '12345' is set on object 'Object Repository/Add SP with valid data/Page_/AddSP_inputPostalcode'

2022-08-27 17:21:50 - [MESSAGE][PASSED] - Text '12345' is set on object 'Object Repository/Add SP with valid data/Page_/AddSP_inputPostalcode'

2022-08-27 17:21:50 - [TEST_STEP][PASSED] - scrollToPosition(10, 10): Browser is scrolled to position x = 10, y = 10

2022-08-27 17:21:50 - [MESSAGE][PASSED] - Browser is scrolled to position x = 10, y = 10

2022-08-27 17:21:50 - [TEST_STEP][PASSED] - delay(3): Delayed 3 second(s)

2022-08-27 17:21:53 - [MESSAGE][PASSED] - Delayed 3 second(s)

2022-08-27 17:21:53 - [TEST_STEP][PASSED] - click(findTestObject("Edit SP/Button_SaveChanges")): Object: 'Object Repository/Edit SP/Button_SaveChanges' is clicked on

2022-08-27 17:21:54 - [MESSAGE][PASSED] - Object: 'Object Repository/Edit SP/Button_SaveChanges' is clicked on

2022-08-27 17:21:54 - [TEST_STEP][PASSED] - if (PostCode == ""): null

2022-08-27 17:21:54 - [TEST_STEP][PASSED] - else: Browser is closed

2022-08-27 17:21:54 - [TEST_STEP][PASSED] - if ("PostCode".isNumber() && PostCode.length() > 5): null

2022-08-27 17:21:54 - [TEST_STEP][PASSED] - else if (PostCode.length() < 5 || PostCode.length() < 5 && PostCode >= "a" && PostCode <= "z" || PostCode >= "A" && PostCode <= "Z" || PostCode.length() > 5 && PostCode >= "a" && PostCode <= "z" || PostCode >= "A" && PostCode <= "Z"): null

2022-08-27 17:21:54 - [TEST_STEP][PASSED] - else: Browser is closed

2022-08-27 17:21:54 - [TEST_STEP][PASSED] - verifyElementPresent(findTestObject("Invalid_Parameter_PopUP/Page_/Body_ALert"), 0): Object 'Object Repository/Invalid_Parameter_PopUP/Page_/Body_ALert' is present

2022-08-27 17:21:54 - [MESSAGE][WARNING] - Timeout '0' is invalid. Using default page load timeout: '30'

2022-08-27 17:21:55 - [MESSAGE][PASSED] - Object 'Object Repository/Invalid_Parameter_PopUP/Page_/Body_ALert' is present

2022-08-27 17:21:55 - [TEST_STEP][PASSED] - verifyElementText(findTestObject("Invalid_Parameter_PopUP/Page_/span_TextAlert"), "Invalid postal code"): Actual text and expected text of test object 'Object Repository/Invalid_Parameter_PopUP/Page_/span_TextAlert' are matched.

2022-08-27 17:21:56 - [MESSAGE][PASSED] - Actual text and expected text of test object 'Object Repository/Invalid_Parameter_PopUP/Page_/span_TextAlert' are matched.

2022-08-27 17:21:56 - [TEST_STEP][PASSED] - closeBrowser(): Browser is closed

2022-08-27 17:21:57 - [MESSAGE][PASSED] - Browser is closed]]></system-out>
         <system-err><![CDATA[]]></system-err>
      </testcase>
      <system-out><![CDATA[2022-08-27 17:18:10 - [TEST_SUITE][FAILED] - Edit PostCode with Invalid Input: Test Cases/Service Provider -Internal TMS/Integrate Internal - Invalid Edit SP/4_Edit Company Postcode_Inv FAILED.
Reason:
com.kms.katalon.core.exception.StepFailedException: Actual text '"postalCode" length must be 5 characters long' and expected text 'Invalid postal code' of test object 'Object Repository/Invalid_Parameter_PopUP/Page_/span_TextAlert' are NOT matched. (Root cause: com.kms.katalon.core.exception.StepFailedException: Actual text '"postalCode" length must be 5 characters long' and expected text 'Invalid postal code' of test object 'Object Repository/Invalid_Parameter_PopUP/Page_/span_TextAlert' are NOT matched.
	at com.kms.katalon.core.webui.keyword.internal.WebUIKeywordMain.stepFailed(WebUIKeywordMain.groovy:64)
	at com.kms.katalon.core.webui.keyword.builtin.VerifyElementTextKeyword$_verifyElementText_closure1.doCall(VerifyElementTextKeyword.groovy:57)
	at com.kms.katalon.core.webui.keyword.builtin.VerifyElementTextKeyword$_verifyElementText_closure1.call(VerifyElementTextKeyword.groovy)
	at com.kms.katalon.core.webui.keyword.internal.WebUIKeywordMain.runKeyword(WebUIKeywordMain.groovy:20)
	at com.kms.katalon.core.webui.keyword.builtin.VerifyElementTextKeyword.verifyElementText(VerifyElementTextKeyword.groovy:72)
	at com.kms.katalon.core.webui.keyword.builtin.VerifyElementTextKeyword.execute(VerifyElementTextKeyword.groovy:40)
	at com.kms.katalon.core.keyword.internal.KeywordExecutor.executeKeywordForPlatform(KeywordExecutor.groovy:74)
	at com.kms.katalon.core.webui.keyword.WebUiBuiltInKeywords.verifyElementText(WebUiBuiltInKeywords.groovy:4749)
	at com.kms.katalon.core.webui.keyword.WebUiBuiltInKeywords$verifyElementText$8.call(Unknown Source)
	at 4_Edit Company Postcode_Inv.run(4_Edit Company Postcode_Inv:64)
	at com.kms.katalon.core.main.ScriptEngine.run(ScriptEngine.java:194)
	at com.kms.katalon.core.main.ScriptEngine.runScriptAsRawText(ScriptEngine.java:119)
	at com.kms.katalon.core.main.TestCaseExecutor.runScript(TestCaseExecutor.java:445)
	at com.kms.katalon.core.main.TestCaseExecutor.doExecute(TestCaseExecutor.java:436)
	at com.kms.katalon.core.main.TestCaseExecutor.processExecutionPhase(TestCaseExecutor.java:415)
	at com.kms.katalon.core.main.TestCaseExecutor.accessMainPhase(TestCaseExecutor.java:407)
	at com.kms.katalon.core.main.TestCaseExecutor.execute(TestCaseExecutor.java:284)
	at com.kms.katalon.core.common.CommonExecutor.accessTestCaseMainPhase(CommonExecutor.java:65)
	at com.kms.katalon.core.main.TestSuiteExecutor.accessTestSuiteMainPhase(TestSuiteExecutor.java:144)
	at com.kms.katalon.core.main.TestSuiteExecutor.execute(TestSuiteExecutor.java:106)
	at com.kms.katalon.core.main.TestCaseMain.startTestSuite(TestCaseMain.java:185)
	at com.kms.katalon.core.main.TestCaseMain$startTestSuite$0.call(Unknown Source)
	at TempTestSuite1661595450454.run(TempTestSuite1661595450454.groovy:36)
)
	at com.kms.katalon.core.keyword.internal.KeywordMain.stepFailed(KeywordMain.groovy:39)
	at com.kms.katalon.core.webui.keyword.internal.WebUIKeywordMain.stepFailed(WebUIKeywordMain.groovy:64)
	at com.kms.katalon.core.webui.keyword.builtin.VerifyElementTextKeyword$_verifyElementText_closure1.doCall(VerifyElementTextKeyword.groovy:57)
	at com.kms.katalon.core.webui.keyword.builtin.VerifyElementTextKeyword$_verifyElementText_closure1.call(VerifyElementTextKeyword.groovy)
	at com.kms.katalon.core.webui.keyword.internal.WebUIKeywordMain.runKeyword(WebUIKeywordMain.groovy:20)
	at com.kms.katalon.core.webui.keyword.builtin.VerifyElementTextKeyword.verifyElementText(VerifyElementTextKeyword.groovy:72)
	at com.kms.katalon.core.webui.keyword.builtin.VerifyElementTextKeyword.execute(VerifyElementTextKeyword.groovy:40)
	at com.kms.katalon.core.keyword.internal.KeywordExecutor.executeKeywordForPlatform(KeywordExecutor.groovy:74)
	at com.kms.katalon.core.webui.keyword.WebUiBuiltInKeywords.verifyElementText(WebUiBuiltInKeywords.groovy:4749)
	at com.kms.katalon.core.webui.keyword.WebUiBuiltInKeywords$verifyElementText$8.call(Unknown Source)
	at 4_Edit Company Postcode_Inv.run(4_Edit Company Postcode_Inv:64)
	at com.kms.katalon.core.main.ScriptEngine.run(ScriptEngine.java:194)
	at com.kms.katalon.core.main.ScriptEngine.runScriptAsRawText(ScriptEngine.java:119)
	at com.kms.katalon.core.main.TestCaseExecutor.runScript(TestCaseExecutor.java:445)
	at com.kms.katalon.core.main.TestCaseExecutor.doExecute(TestCaseExecutor.java:436)
	at com.kms.katalon.core.main.TestCaseExecutor.processExecutionPhase(TestCaseExecutor.java:415)
	at com.kms.katalon.core.main.TestCaseExecutor.accessMainPhase(TestCaseExecutor.java:407)
	at com.kms.katalon.core.main.TestCaseExecutor.execute(TestCaseExecutor.java:284)
	at com.kms.katalon.core.common.CommonExecutor.accessTestCaseMainPhase(CommonExecutor.java:65)
	at com.kms.katalon.core.main.TestSuiteExecutor.accessTestSuiteMainPhase(TestSuiteExecutor.java:144)
	at com.kms.katalon.core.main.TestSuiteExecutor.execute(TestSuiteExecutor.java:106)
	at com.kms.katalon.core.main.TestCaseMain.startTestSuite(TestCaseMain.java:185)
	at com.kms.katalon.core.main.TestCaseMain$startTestSuite$0.call(Unknown Source)
	at TempTestSuite1661595450454.run(TempTestSuite1661595450454.groovy:36)
Caused by: com.kms.katalon.core.exception.StepFailedException: Actual text '"postalCode" length must be 5 characters long' and expected text 'Invalid postal code' of test object 'Object Repository/Invalid_Parameter_PopUP/Page_/span_TextAlert' are NOT matched.
	... 23 more]]></system-out>
      <system-err><![CDATA[2022-08-27 17:18:10 - [TEST_SUITE][FAILED] - Edit PostCode with Invalid Input: Test Cases/Service Provider -Internal TMS/Integrate Internal - Invalid Edit SP/4_Edit Company Postcode_Inv FAILED.
Reason:
com.kms.katalon.core.exception.StepFailedException: Actual text '"postalCode" length must be 5 characters long' and expected text 'Invalid postal code' of test object 'Object Repository/Invalid_Parameter_PopUP/Page_/span_TextAlert' are NOT matched. (Root cause: com.kms.katalon.core.exception.StepFailedException: Actual text '"postalCode" length must be 5 characters long' and expected text 'Invalid postal code' of test object 'Object Repository/Invalid_Parameter_PopUP/Page_/span_TextAlert' are NOT matched.
	at com.kms.katalon.core.webui.keyword.internal.WebUIKeywordMain.stepFailed(WebUIKeywordMain.groovy:64)
	at com.kms.katalon.core.webui.keyword.builtin.VerifyElementTextKeyword$_verifyElementText_closure1.doCall(VerifyElementTextKeyword.groovy:57)
	at com.kms.katalon.core.webui.keyword.builtin.VerifyElementTextKeyword$_verifyElementText_closure1.call(VerifyElementTextKeyword.groovy)
	at com.kms.katalon.core.webui.keyword.internal.WebUIKeywordMain.runKeyword(WebUIKeywordMain.groovy:20)
	at com.kms.katalon.core.webui.keyword.builtin.VerifyElementTextKeyword.verifyElementText(VerifyElementTextKeyword.groovy:72)
	at com.kms.katalon.core.webui.keyword.builtin.VerifyElementTextKeyword.execute(VerifyElementTextKeyword.groovy:40)
	at com.kms.katalon.core.keyword.internal.KeywordExecutor.executeKeywordForPlatform(KeywordExecutor.groovy:74)
	at com.kms.katalon.core.webui.keyword.WebUiBuiltInKeywords.verifyElementText(WebUiBuiltInKeywords.groovy:4749)
	at com.kms.katalon.core.webui.keyword.WebUiBuiltInKeywords$verifyElementText$8.call(Unknown Source)
	at 4_Edit Company Postcode_Inv.run(4_Edit Company Postcode_Inv:64)
	at com.kms.katalon.core.main.ScriptEngine.run(ScriptEngine.java:194)
	at com.kms.katalon.core.main.ScriptEngine.runScriptAsRawText(ScriptEngine.java:119)
	at com.kms.katalon.core.main.TestCaseExecutor.runScript(TestCaseExecutor.java:445)
	at com.kms.katalon.core.main.TestCaseExecutor.doExecute(TestCaseExecutor.java:436)
	at com.kms.katalon.core.main.TestCaseExecutor.processExecutionPhase(TestCaseExecutor.java:415)
	at com.kms.katalon.core.main.TestCaseExecutor.accessMainPhase(TestCaseExecutor.java:407)
	at com.kms.katalon.core.main.TestCaseExecutor.execute(TestCaseExecutor.java:284)
	at com.kms.katalon.core.common.CommonExecutor.accessTestCaseMainPhase(CommonExecutor.java:65)
	at com.kms.katalon.core.main.TestSuiteExecutor.accessTestSuiteMainPhase(TestSuiteExecutor.java:144)
	at com.kms.katalon.core.main.TestSuiteExecutor.execute(TestSuiteExecutor.java:106)
	at com.kms.katalon.core.main.TestCaseMain.startTestSuite(TestCaseMain.java:185)
	at com.kms.katalon.core.main.TestCaseMain$startTestSuite$0.call(Unknown Source)
	at TempTestSuite1661595450454.run(TempTestSuite1661595450454.groovy:36)
)
	at com.kms.katalon.core.keyword.internal.KeywordMain.stepFailed(KeywordMain.groovy:39)
	at com.kms.katalon.core.webui.keyword.internal.WebUIKeywordMain.stepFailed(WebUIKeywordMain.groovy:64)
	at com.kms.katalon.core.webui.keyword.builtin.VerifyElementTextKeyword$_verifyElementText_closure1.doCall(VerifyElementTextKeyword.groovy:57)
	at com.kms.katalon.core.webui.keyword.builtin.VerifyElementTextKeyword$_verifyElementText_closure1.call(VerifyElementTextKeyword.groovy)
	at com.kms.katalon.core.webui.keyword.internal.WebUIKeywordMain.runKeyword(WebUIKeywordMain.groovy:20)
	at com.kms.katalon.core.webui.keyword.builtin.VerifyElementTextKeyword.verifyElementText(VerifyElementTextKeyword.groovy:72)
	at com.kms.katalon.core.webui.keyword.builtin.VerifyElementTextKeyword.execute(VerifyElementTextKeyword.groovy:40)
	at com.kms.katalon.core.keyword.internal.KeywordExecutor.executeKeywordForPlatform(KeywordExecutor.groovy:74)
	at com.kms.katalon.core.webui.keyword.WebUiBuiltInKeywords.verifyElementText(WebUiBuiltInKeywords.groovy:4749)
	at com.kms.katalon.core.webui.keyword.WebUiBuiltInKeywords$verifyElementText$8.call(Unknown Source)
	at 4_Edit Company Postcode_Inv.run(4_Edit Company Postcode_Inv:64)
	at com.kms.katalon.core.main.ScriptEngine.run(ScriptEngine.java:194)
	at com.kms.katalon.core.main.ScriptEngine.runScriptAsRawText(ScriptEngine.java:119)
	at com.kms.katalon.core.main.TestCaseExecutor.runScript(TestCaseExecutor.java:445)
	at com.kms.katalon.core.main.TestCaseExecutor.doExecute(TestCaseExecutor.java:436)
	at com.kms.katalon.core.main.TestCaseExecutor.processExecutionPhase(TestCaseExecutor.java:415)
	at com.kms.katalon.core.main.TestCaseExecutor.accessMainPhase(TestCaseExecutor.java:407)
	at com.kms.katalon.core.main.TestCaseExecutor.execute(TestCaseExecutor.java:284)
	at com.kms.katalon.core.common.CommonExecutor.accessTestCaseMainPhase(CommonExecutor.java:65)
	at com.kms.katalon.core.main.TestSuiteExecutor.accessTestSuiteMainPhase(TestSuiteExecutor.java:144)
	at com.kms.katalon.core.main.TestSuiteExecutor.execute(TestSuiteExecutor.java:106)
	at com.kms.katalon.core.main.TestCaseMain.startTestSuite(TestCaseMain.java:185)
	at com.kms.katalon.core.main.TestCaseMain$startTestSuite$0.call(Unknown Source)
	at TempTestSuite1661595450454.run(TempTestSuite1661595450454.groovy:36)
Caused by: com.kms.katalon.core.exception.StepFailedException: Actual text '"postalCode" length must be 5 characters long' and expected text 'Invalid postal code' of test object 'Object Repository/Invalid_Parameter_PopUP/Page_/span_TextAlert' are NOT matched.
	... 23 more]]></system-err>
   </testsuite>
</testsuites>
